!SESSION 2014-01-02 21:40:13.293 -----------------------------------------------
eclipse.buildId=unknown
java.version=1.6.0_18
java.vendor=Sun Microsystems Inc.
BootLoader constants: OS=win32, ARCH=x86, WS=win32, NL=zh_CN
Framework arguments:  -showlocation -showlocation
Command-line arguments:  -os win32 -ws win32 -arch x86 -showlocation -data E:\workspace_php\wekefu -showlocation

!ENTRY org.eclipse.jface 2 0 2014-01-02 21:40:16.971
!MESSAGE Keybinding conflicts occurred.  They may interfere with normal accelerator operation.
!SUBENTRY 1 org.eclipse.jface 2 0 2014-01-02 21:40:16.971
!MESSAGE A conflict occurred for CTRL+SHIFT+I:
Binding(CTRL+SHIFT+I,
	ParameterizedCommand(Command(org.eclipse.jdt.debug.ui.commands.Inspect,Inspect,
		Inspect result of evaluating selected text,
		Category(org.eclipse.debug.ui.category.run,Run/Debug,Run/Debug command category,true),
		,
		,,true),null),
	org.eclipse.ui.defaultAcceleratorConfiguration,
	org.eclipse.ui.contexts.dialogAndWindow,,,system)
Binding(CTRL+SHIFT+I,
	ParameterizedCommand(Command(org.eclipse.php.debug.ui.commands.Inspect,Inspect,
		Inspect result of evaluating selected text,
		Category(org.eclipse.debug.ui.category.run,Run/Debug,Run/Debug command category,true),
		,
		,,true),null),
	org.eclipse.ui.defaultAcceleratorConfiguration,
	org.eclipse.ui.contexts.dialogAndWindow,,,system)

!ENTRY org.eclipse.ui.workbench 2 0 2014-01-02 21:40:16.988
!MESSAGE A handler conflict occurred.  This may disable some commands.
!SUBENTRY 1 org.eclipse.ui.workbench 2 0 2014-01-02 21:40:16.988
!MESSAGE Conflict for 'org.eclipse.dltk.ui.edit.text.script.refactor.quickMenu':
HandlerActivation(commandId=org.eclipse.dltk.ui.edit.text.script.refactor.quickMenu,
	handler=org.eclipse.dltk.internal.ui.actions.refactoring.RefactorActionGroup$3@de1b36,
	expression=AndExpression(ActivePartExpression(org.eclipse.php.internal.ui.explorer.PHPExplorerPart@6ca1a6),WorkbenchWindowExpression(org.eclipse.ui.internal.WorkbenchWindow@f18d37)),sourcePriority=1064960)
HandlerActivation(commandId=org.eclipse.dltk.ui.edit.text.script.refactor.quickMenu,
	handler=org.eclipse.dltk.internal.ui.actions.refactoring.RefactorActionGroup$3@1cc946b,
	expression=AndExpression(ActivePartExpression(org.eclipse.php.internal.ui.explorer.PHPExplorerPart@6ca1a6),WorkbenchWindowExpression(org.eclipse.ui.internal.WorkbenchWindow@f18d37)),sourcePriority=1064960)

!ENTRY org.eclipse.osgi 2 1 2014-01-02 21:40:17.238
!MESSAGE NLS missing message: CreateProjectWorkspaceJob_1 in: com.zend.php.remoteproject.internal.ui.wizard.messages

!ENTRY org.eclipse.ui 4 4 2014-01-02 21:40:22.516
!MESSAGE Invalid preference page path: Browser

!ENTRY org.eclipse.ui 4 4 2014-01-02 21:40:22.516
!MESSAGE Invalid preference page path: Rhino

!ENTRY com.zend.php.customization 4 0 2014-01-02 21:42:26.194
!MESSAGE A problem occurred while accessing the update site.
!SUBENTRY 1 org.eclipse.equinox.p2.discovery 4 0 2014-01-02 21:42:26.194
!MESSAGE RemoteBundleDiscoveryStrategy failed with an error
!STACK 1
org.eclipse.equinox.p2.core.ProvisionException: Unable to connect to repository http://downloads.zend.com/studio-eclipse/updates-extra/9_0/directory.xml
	at org.eclipse.equinox.internal.p2.discovery.compatibility.util.CacheManager.createCache(CacheManager.java:110)
	at org.eclipse.equinox.internal.p2.discovery.compatibility.util.TransportUtil.readResource(TransportUtil.java:101)
	at org.eclipse.equinox.internal.p2.discovery.compatibility.RemoteBundleDiscoveryStrategy.performDiscovery(RemoteBundleDiscoveryStrategy.java:81)
	at org.eclipse.equinox.internal.p2.discovery.Catalog.performDiscovery(Catalog.java:85)
	at com.zend.php.customization.ZendCatalogViewer$5.run(ZendCatalogViewer.java)
	at org.eclipse.core.internal.jobs.Worker.run(Worker.java:54)
Caused by: java.net.ConnectException: Connection timed out: connect
	at java.net.PlainSocketImpl.socketConnect(Native Method)
	at java.net.PlainSocketImpl.doConnect(Unknown Source)
	at java.net.PlainSocketImpl.connectToAddress(Unknown Source)
	at java.net.PlainSocketImpl.connect(Unknown Source)
	at java.net.SocksSocketImpl.connect(Unknown Source)
	at java.net.Socket.connect(Unknown Source)
	at org.eclipse.ecf.provider.filetransfer.events.socket.SocketEventCreateUtil.createSocket(SocketEventCreateUtil.java:43)
	at org.eclipse.ecf.internal.provider.filetransfer.httpclient.ECFHttpClientProtocolSocketFactory.createSocket(ECFHttpClientProtocolSocketFactory.java:81)
	at org.eclipse.ecf.internal.provider.filetransfer.httpclient.ECFHttpClientProtocolSocketFactory.createSocket(ECFHttpClientProtocolSocketFactory.java:73)
	at org.eclipse.ecf.internal.provider.filetransfer.httpclient.ECFHttpClientProtocolSocketFactory.createSocket(ECFHttpClientProtocolSocketFactory.java:65)
	at org.apache.commons.httpclient.HttpConnection.open(HttpConnection.java:707)
	at org.apache.commons.httpclient.MultiThreadedHttpConnectionManager$HttpConnectionAdapter.open(MultiThreadedHttpConnectionManager.java:1361)
	at org.apache.commons.httpclient.HttpMethodDirector.executeWithRetry(HttpMethodDirector.java:387)
	at org.apache.commons.httpclient.HttpMethodDirector.executeMethod(HttpMethodDirector.java:171)
	at org.apache.commons.httpclient.HttpClient.executeMethod(HttpClient.java:397)
	at org.apache.commons.httpclient.HttpClient.executeMethod(HttpClient.java:346)
	at org.eclipse.ecf.provider.filetransfer.httpclient.HttpClientFileSystemBrowser.runRequest(HttpClientFileSystemBrowser.java:227)
	at org.eclipse.ecf.provider.filetransfer.browse.AbstractFileSystemBrowser$DirectoryJob.run(AbstractFileSystemBrowser.java:69)
	... 1 more
!SUBENTRY 2 org.eclipse.equinox.p2.transport.ecf 4 1002 2014-01-02 21:42:26.195
!MESSAGE Unable to connect to repository http://downloads.zend.com/studio-eclipse/updates-extra/9_0/directory.xml
!STACK 0
java.net.ConnectException: Connection timed out: connect
	at java.net.PlainSocketImpl.socketConnect(Native Method)
	at java.net.PlainSocketImpl.doConnect(Unknown Source)
	at java.net.PlainSocketImpl.connectToAddress(Unknown Source)
	at java.net.PlainSocketImpl.connect(Unknown Source)
	at java.net.SocksSocketImpl.connect(Unknown Source)
	at java.net.Socket.connect(Unknown Source)
	at org.eclipse.ecf.provider.filetransfer.events.socket.SocketEventCreateUtil.createSocket(SocketEventCreateUtil.java:43)
	at org.eclipse.ecf.internal.provider.filetransfer.httpclient.ECFHttpClientProtocolSocketFactory.createSocket(ECFHttpClientProtocolSocketFactory.java:81)
	at org.eclipse.ecf.internal.provider.filetransfer.httpclient.ECFHttpClientProtocolSocketFactory.createSocket(ECFHttpClientProtocolSocketFactory.java:73)
	at org.eclipse.ecf.internal.provider.filetransfer.httpclient.ECFHttpClientProtocolSocketFactory.createSocket(ECFHttpClientProtocolSocketFactory.java:65)
	at org.apache.commons.httpclient.HttpConnection.open(HttpConnection.java:707)
	at org.apache.commons.httpclient.MultiThreadedHttpConnectionManager$HttpConnectionAdapter.open(MultiThreadedHttpConnectionManager.java:1361)
	at org.apache.commons.httpclient.HttpMethodDirector.executeWithRetry(HttpMethodDirector.java:387)
	at org.apache.commons.httpclient.HttpMethodDirector.executeMethod(HttpMethodDirector.java:171)
	at org.apache.commons.httpclient.HttpClient.executeMethod(HttpClient.java:397)
	at org.apache.commons.httpclient.HttpClient.executeMethod(HttpClient.java:346)
	at org.eclipse.ecf.provider.filetransfer.httpclient.HttpClientFileSystemBrowser.runRequest(HttpClientFileSystemBrowser.java:227)
	at org.eclipse.ecf.provider.filetransfer.browse.AbstractFileSystemBrowser$DirectoryJob.run(AbstractFileSystemBrowser.java:69)
	at org.eclipse.core.internal.jobs.Worker.run(Worker.java:54)

!ENTRY com.zend.php.semanticanalysis.core 4 10001 2014-01-02 21:43:17.276
!MESSAGE Plugin internal error
!STACK 0
java.lang.NullPointerException
	at com.zend.php.semanticanalysis.internal.core.checks.EVariableDeclarationSearcher.postProcess(EVariableDeclarationSearcher.java)
	at com.zend.php.semanticanalysis.internal.core.checks.UndeclaredVariableCheck$UndeclaredVarsSearcher.postProcess(UndeclaredVariableCheck.java)
	at org.eclipse.php.internal.core.typeinference.VariableDeclarationSearcher.visit(VariableDeclarationSearcher.java:161)
	at org.eclipse.php.internal.core.compiler.ast.nodes.PHPCallExpression.traverse(PHPCallExpression.java:37)
	at org.eclipse.php.internal.core.compiler.ast.nodes.ExpressionStatement.traverse(ExpressionStatement.java:44)
	at org.eclipse.dltk.ast.statements.Block.traverse(Block.java:43)
	at org.eclipse.dltk.ast.declarations.MethodDeclaration.traverseChildNodes(MethodDeclaration.java:97)
	at org.eclipse.dltk.ast.declarations.MethodDeclaration.traverse(MethodDeclaration.java:71)
	at org.eclipse.dltk.ast.statements.Block.traverse(Block.java:43)
	at org.eclipse.dltk.ast.declarations.TypeDeclaration.traverse(TypeDeclaration.java:158)
	at org.eclipse.dltk.ast.statements.Block.traverse(Block.java:43)
	at org.eclipse.dltk.ast.declarations.ModuleDeclaration.traverse(ModuleDeclaration.java:71)
	at com.zend.php.semanticanalysis.internal.core.checks.UndeclaredVariableCheck.a(UndeclaredVariableCheck.java)
	at com.zend.php.semanticanalysis.internal.core.SemanticAnalysisBuilder.a(SemanticAnalysisBuilder.java)
	at com.zend.php.semanticanalysis.internal.core.SemanticAnalysisBuilder.build(SemanticAnalysisBuilder.java)
	at org.eclipse.dltk.internal.core.builder.ScriptBuilder.fullBuild(ScriptBuilder.java:433)
	at org.eclipse.dltk.internal.core.builder.ScriptBuilder.build(ScriptBuilder.java:153)
	at org.eclipse.core.internal.events.BuildManager$2.run(BuildManager.java:728)
	at org.eclipse.core.runtime.SafeRunner.run(SafeRunner.java:42)
	at org.eclipse.core.internal.events.BuildManager.basicBuild(BuildManager.java:199)
	at org.eclipse.core.internal.events.BuildManager.basicBuild(BuildManager.java:239)
	at org.eclipse.core.internal.events.BuildManager$1.run(BuildManager.java:292)
	at org.eclipse.core.runtime.SafeRunner.run(SafeRunner.java:42)
	at org.eclipse.core.internal.events.BuildManager.basicBuild(BuildManager.java:295)
	at org.eclipse.core.internal.events.BuildManager.basicBuildLoop(BuildManager.java:351)
	at org.eclipse.core.internal.events.BuildManager.build(BuildManager.java:374)
	at org.eclipse.core.internal.events.AutoBuildJob.doBuild(AutoBuildJob.java:143)
	at org.eclipse.core.internal.events.AutoBuildJob.run(AutoBuildJob.java:241)
	at org.eclipse.core.internal.jobs.Worker.run(Worker.java:54)

!ENTRY com.zend.php.semanticanalysis.core 4 10001 2014-01-02 21:43:17.286
!MESSAGE Plugin internal error
!STACK 0
java.lang.NullPointerException
	at com.zend.php.semanticanalysis.internal.core.checks.EVariableDeclarationSearcher.postProcess(EVariableDeclarationSearcher.java)
	at com.zend.php.semanticanalysis.internal.core.checks.UndeclaredVariableCheck$UndeclaredVarsSearcher.postProcess(UndeclaredVariableCheck.java)
	at org.eclipse.php.internal.core.typeinference.VariableDeclarationSearcher.visit(VariableDeclarationSearcher.java:161)
	at org.eclipse.php.internal.core.compiler.ast.nodes.PHPCallExpression.traverse(PHPCallExpression.java:37)
	at org.eclipse.php.internal.core.compiler.ast.nodes.ExpressionStatement.traverse(ExpressionStatement.java:44)
	at org.eclipse.dltk.ast.statements.Block.traverse(Block.java:43)
	at org.eclipse.dltk.ast.declarations.MethodDeclaration.traverseChildNodes(MethodDeclaration.java:97)
	at org.eclipse.dltk.ast.declarations.MethodDeclaration.traverse(MethodDeclaration.java:71)
	at org.eclipse.dltk.ast.statements.Block.traverse(Block.java:43)
	at org.eclipse.dltk.ast.declarations.TypeDeclaration.traverse(TypeDeclaration.java:158)
	at org.eclipse.dltk.ast.statements.Block.traverse(Block.java:43)
	at org.eclipse.dltk.ast.declarations.ModuleDeclaration.traverse(ModuleDeclaration.java:71)
	at com.zend.php.semanticanalysis.internal.core.checks.UndeclaredVariableCheck.a(UndeclaredVariableCheck.java)
	at com.zend.php.semanticanalysis.internal.core.SemanticAnalysisBuilder.a(SemanticAnalysisBuilder.java)
	at com.zend.php.semanticanalysis.internal.core.SemanticAnalysisBuilder.build(SemanticAnalysisBuilder.java)
	at org.eclipse.dltk.internal.core.builder.ScriptBuilder.fullBuild(ScriptBuilder.java:433)
	at org.eclipse.dltk.internal.core.builder.ScriptBuilder.build(ScriptBuilder.java:153)
	at org.eclipse.core.internal.events.BuildManager$2.run(BuildManager.java:728)
	at org.eclipse.core.runtime.SafeRunner.run(SafeRunner.java:42)
	at org.eclipse.core.internal.events.BuildManager.basicBuild(BuildManager.java:199)
	at org.eclipse.core.internal.events.BuildManager.basicBuild(BuildManager.java:239)
	at org.eclipse.core.internal.events.BuildManager$1.run(BuildManager.java:292)
	at org.eclipse.core.runtime.SafeRunner.run(SafeRunner.java:42)
	at org.eclipse.core.internal.events.BuildManager.basicBuild(BuildManager.java:295)
	at org.eclipse.core.internal.events.BuildManager.basicBuildLoop(BuildManager.java:351)
	at org.eclipse.core.internal.events.BuildManager.build(BuildManager.java:374)
	at org.eclipse.core.internal.events.AutoBuildJob.doBuild(AutoBuildJob.java:143)
	at org.eclipse.core.internal.events.AutoBuildJob.run(AutoBuildJob.java:241)
	at org.eclipse.core.internal.jobs.Worker.run(Worker.java:54)

!ENTRY com.zend.php.semanticanalysis.core 4 10001 2014-01-02 21:43:17.321
!MESSAGE Plugin internal error
!STACK 0
java.lang.NullPointerException
	at com.zend.php.semanticanalysis.internal.core.checks.EVariableDeclarationSearcher.postProcess(EVariableDeclarationSearcher.java)
	at com.zend.php.semanticanalysis.internal.core.checks.UndeclaredVariableCheck$UndeclaredVarsSearcher.postProcess(UndeclaredVariableCheck.java)
	at org.eclipse.php.internal.core.typeinference.VariableDeclarationSearcher.visit(VariableDeclarationSearcher.java:161)
	at org.eclipse.php.internal.core.compiler.ast.nodes.PHPCallExpression.traverse(PHPCallExpression.java:37)
	at org.eclipse.php.internal.core.compiler.ast.nodes.ExpressionStatement.traverse(ExpressionStatement.java:44)
	at org.eclipse.php.internal.core.compiler.ast.nodes.SwitchCase.traverse(SwitchCase.java:56)
	at org.eclipse.dltk.ast.statements.Block.traverse(Block.java:43)
	at org.eclipse.php.internal.core.compiler.ast.nodes.SwitchStatement.traverse(SwitchStatement.java:53)
	at org.eclipse.dltk.ast.statements.Block.traverse(Block.java:43)
	at org.eclipse.dltk.ast.declarations.MethodDeclaration.traverseChildNodes(MethodDeclaration.java:97)
	at org.eclipse.dltk.ast.declarations.MethodDeclaration.traverse(MethodDeclaration.java:71)
	at org.eclipse.dltk.ast.statements.Block.traverse(Block.java:43)
	at org.eclipse.dltk.ast.declarations.TypeDeclaration.traverse(TypeDeclaration.java:158)
	at org.eclipse.dltk.ast.statements.Block.traverse(Block.java:43)
	at org.eclipse.dltk.ast.declarations.ModuleDeclaration.traverse(ModuleDeclaration.java:71)
	at com.zend.php.semanticanalysis.internal.core.checks.UndeclaredVariableCheck.a(UndeclaredVariableCheck.java)
	at com.zend.php.semanticanalysis.internal.core.SemanticAnalysisBuilder.a(SemanticAnalysisBuilder.java)
	at com.zend.php.semanticanalysis.internal.core.SemanticAnalysisBuilder.build(SemanticAnalysisBuilder.java)
	at org.eclipse.dltk.internal.core.builder.ScriptBuilder.fullBuild(ScriptBuilder.java:433)
	at org.eclipse.dltk.internal.core.builder.ScriptBuilder.build(ScriptBuilder.java:153)
	at org.eclipse.core.internal.events.BuildManager$2.run(BuildManager.java:728)
	at org.eclipse.core.runtime.SafeRunner.run(SafeRunner.java:42)
	at org.eclipse.core.internal.events.BuildManager.basicBuild(BuildManager.java:199)
	at org.eclipse.core.internal.events.BuildManager.basicBuild(BuildManager.java:239)
	at org.eclipse.core.internal.events.BuildManager$1.run(BuildManager.java:292)
	at org.eclipse.core.runtime.SafeRunner.run(SafeRunner.java:42)
	at org.eclipse.core.internal.events.BuildManager.basicBuild(BuildManager.java:295)
	at org.eclipse.core.internal.events.BuildManager.basicBuildLoop(BuildManager.java:351)
	at org.eclipse.core.internal.events.BuildManager.build(BuildManager.java:374)
	at org.eclipse.core.internal.events.AutoBuildJob.doBuild(AutoBuildJob.java:143)
	at org.eclipse.core.internal.events.AutoBuildJob.run(AutoBuildJob.java:241)
	at org.eclipse.core.internal.jobs.Worker.run(Worker.java:54)

!ENTRY com.zend.php.semanticanalysis.core 4 10001 2014-01-02 21:43:17.435
!MESSAGE Plugin internal error
!STACK 0
java.lang.NullPointerException
	at com.zend.php.semanticanalysis.internal.core.checks.EVariableDeclarationSearcher.postProcess(EVariableDeclarationSearcher.java)
	at com.zend.php.semanticanalysis.internal.core.checks.UndeclaredVariableCheck$UndeclaredVarsSearcher.postProcess(UndeclaredVariableCheck.java)
	at org.eclipse.php.internal.core.typeinference.VariableDeclarationSearcher.visit(VariableDeclarationSearcher.java:161)
	at org.eclipse.php.internal.core.compiler.ast.nodes.PHPCallExpression.traverse(PHPCallExpression.java:37)
	at org.eclipse.php.internal.core.compiler.ast.nodes.ExpressionStatement.traverse(ExpressionStatement.java:44)
	at org.eclipse.dltk.ast.statements.Block.traverse(Block.java:43)
	at org.eclipse.php.internal.core.compiler.ast.nodes.IfStatement.traverse(IfStatement.java:55)
	at org.eclipse.dltk.ast.statements.Block.traverse(Block.java:43)
	at org.eclipse.dltk.ast.declarations.MethodDeclaration.traverseChildNodes(MethodDeclaration.java:97)
	at org.eclipse.dltk.ast.declarations.MethodDeclaration.traverse(MethodDeclaration.java:71)
	at org.eclipse.dltk.ast.statements.Block.traverse(Block.java:43)
	at org.eclipse.dltk.ast.declarations.TypeDeclaration.traverse(TypeDeclaration.java:158)
	at org.eclipse.dltk.ast.statements.Block.traverse(Block.java:43)
	at org.eclipse.dltk.ast.declarations.ModuleDeclaration.traverse(ModuleDeclaration.java:71)
	at com.zend.php.semanticanalysis.internal.core.checks.UndeclaredVariableCheck.a(UndeclaredVariableCheck.java)
	at com.zend.php.semanticanalysis.internal.core.SemanticAnalysisBuilder.a(SemanticAnalysisBuilder.java)
	at com.zend.php.semanticanalysis.internal.core.SemanticAnalysisBuilder.build(SemanticAnalysisBuilder.java)
	at org.eclipse.dltk.internal.core.builder.ScriptBuilder.fullBuild(ScriptBuilder.java:433)
	at org.eclipse.dltk.internal.core.builder.ScriptBuilder.build(ScriptBuilder.java:153)
	at org.eclipse.core.internal.events.BuildManager$2.run(BuildManager.java:728)
	at org.eclipse.core.runtime.SafeRunner.run(SafeRunner.java:42)
	at org.eclipse.core.internal.events.BuildManager.basicBuild(BuildManager.java:199)
	at org.eclipse.core.internal.events.BuildManager.basicBuild(BuildManager.java:239)
	at org.eclipse.core.internal.events.BuildManager$1.run(BuildManager.java:292)
	at org.eclipse.core.runtime.SafeRunner.run(SafeRunner.java:42)
	at org.eclipse.core.internal.events.BuildManager.basicBuild(BuildManager.java:295)
	at org.eclipse.core.internal.events.BuildManager.basicBuildLoop(BuildManager.java:351)
	at org.eclipse.core.internal.events.BuildManager.build(BuildManager.java:374)
	at org.eclipse.core.internal.events.AutoBuildJob.doBuild(AutoBuildJob.java:143)
	at org.eclipse.core.internal.events.AutoBuildJob.run(AutoBuildJob.java:241)
	at org.eclipse.core.internal.jobs.Worker.run(Worker.java:54)

!ENTRY com.zend.php.semanticanalysis.core 4 10001 2014-01-02 21:43:20.218
!MESSAGE Plugin internal error
!STACK 0
java.lang.NullPointerException
	at com.zend.php.semanticanalysis.internal.core.checks.EVariableDeclarationSearcher.postProcess(EVariableDeclarationSearcher.java)
	at com.zend.php.semanticanalysis.internal.core.checks.UndeclaredVariableCheck$UndeclaredVarsSearcher.postProcess(UndeclaredVariableCheck.java)
	at org.eclipse.php.internal.core.typeinference.VariableDeclarationSearcher.visit(VariableDeclarationSearcher.java:161)
	at org.eclipse.php.internal.core.compiler.ast.nodes.PHPCallExpression.traverse(PHPCallExpression.java:37)
	at org.eclipse.php.internal.core.compiler.ast.nodes.ExpressionStatement.traverse(ExpressionStatement.java:44)
	at org.eclipse.php.internal.core.compiler.ast.nodes.SwitchCase.traverse(SwitchCase.java:56)
	at org.eclipse.dltk.ast.statements.Block.traverse(Block.java:43)
	at org.eclipse.php.internal.core.compiler.ast.nodes.SwitchStatement.traverse(SwitchStatement.java:53)
	at org.eclipse.dltk.ast.statements.Block.traverse(Block.java:43)
	at org.eclipse.dltk.ast.declarations.MethodDeclaration.traverseChildNodes(MethodDeclaration.java:97)
	at org.eclipse.dltk.ast.declarations.MethodDeclaration.traverse(MethodDeclaration.java:71)
	at org.eclipse.dltk.ast.statements.Block.traverse(Block.java:43)
	at org.eclipse.dltk.ast.declarations.TypeDeclaration.traverse(TypeDeclaration.java:158)
	at org.eclipse.dltk.ast.statements.Block.traverse(Block.java:43)
	at org.eclipse.dltk.ast.declarations.ModuleDeclaration.traverse(ModuleDeclaration.java:71)
	at com.zend.php.semanticanalysis.internal.core.checks.UndeclaredVariableCheck.a(UndeclaredVariableCheck.java)
	at com.zend.php.semanticanalysis.internal.core.SemanticAnalysisBuilder.a(SemanticAnalysisBuilder.java)
	at com.zend.php.semanticanalysis.internal.core.SemanticAnalysisBuilder.build(SemanticAnalysisBuilder.java)
	at org.eclipse.dltk.internal.core.builder.ScriptBuilder.fullBuild(ScriptBuilder.java:433)
	at org.eclipse.dltk.internal.core.builder.ScriptBuilder.build(ScriptBuilder.java:153)
	at org.eclipse.core.internal.events.BuildManager$2.run(BuildManager.java:728)
	at org.eclipse.core.runtime.SafeRunner.run(SafeRunner.java:42)
	at org.eclipse.core.internal.events.BuildManager.basicBuild(BuildManager.java:199)
	at org.eclipse.core.internal.events.BuildManager.basicBuild(BuildManager.java:239)
	at org.eclipse.core.internal.events.BuildManager$1.run(BuildManager.java:292)
	at org.eclipse.core.runtime.SafeRunner.run(SafeRunner.java:42)
	at org.eclipse.core.internal.events.BuildManager.basicBuild(BuildManager.java:295)
	at org.eclipse.core.internal.events.BuildManager.basicBuildLoop(BuildManager.java:351)
	at org.eclipse.core.internal.events.BuildManager.build(BuildManager.java:374)
	at org.eclipse.core.internal.events.AutoBuildJob.doBuild(AutoBuildJob.java:143)
	at org.eclipse.core.internal.events.AutoBuildJob.run(AutoBuildJob.java:241)
	at org.eclipse.core.internal.jobs.Worker.run(Worker.java:54)

!ENTRY com.zend.php.semanticanalysis.core 4 10001 2014-01-02 21:43:20.229
!MESSAGE Plugin internal error
!STACK 0
java.lang.NullPointerException
	at com.zend.php.semanticanalysis.internal.core.checks.EVariableDeclarationSearcher.postProcess(EVariableDeclarationSearcher.java)
	at com.zend.php.semanticanalysis.internal.core.checks.UndeclaredVariableCheck$UndeclaredVarsSearcher.postProcess(UndeclaredVariableCheck.java)
	at org.eclipse.php.internal.core.typeinference.VariableDeclarationSearcher.visit(VariableDeclarationSearcher.java:161)
	at org.eclipse.php.internal.core.compiler.ast.nodes.PHPCallExpression.traverse(PHPCallExpression.java:37)
	at org.eclipse.php.internal.core.compiler.ast.nodes.ExpressionStatement.traverse(ExpressionStatement.java:44)
	at org.eclipse.dltk.ast.statements.Block.traverse(Block.java:43)
	at org.eclipse.dltk.ast.declarations.MethodDeclaration.traverseChildNodes(MethodDeclaration.java:97)
	at org.eclipse.dltk.ast.declarations.MethodDeclaration.traverse(MethodDeclaration.java:71)
	at org.eclipse.dltk.ast.statements.Block.traverse(Block.java:43)
	at org.eclipse.dltk.ast.declarations.TypeDeclaration.traverse(TypeDeclaration.java:158)
	at org.eclipse.dltk.ast.statements.Block.traverse(Block.java:43)
	at org.eclipse.dltk.ast.declarations.ModuleDeclaration.traverse(ModuleDeclaration.java:71)
	at com.zend.php.semanticanalysis.internal.core.checks.UndeclaredVariableCheck.a(UndeclaredVariableCheck.java)
	at com.zend.php.semanticanalysis.internal.core.SemanticAnalysisBuilder.a(SemanticAnalysisBuilder.java)
	at com.zend.php.semanticanalysis.internal.core.SemanticAnalysisBuilder.build(SemanticAnalysisBuilder.java)
	at org.eclipse.dltk.internal.core.builder.ScriptBuilder.fullBuild(ScriptBuilder.java:433)
	at org.eclipse.dltk.internal.core.builder.ScriptBuilder.build(ScriptBuilder.java:153)
	at org.eclipse.core.internal.events.BuildManager$2.run(BuildManager.java:728)
	at org.eclipse.core.runtime.SafeRunner.run(SafeRunner.java:42)
	at org.eclipse.core.internal.events.BuildManager.basicBuild(BuildManager.java:199)
	at org.eclipse.core.internal.events.BuildManager.basicBuild(BuildManager.java:239)
	at org.eclipse.core.internal.events.BuildManager$1.run(BuildManager.java:292)
	at org.eclipse.core.runtime.SafeRunner.run(SafeRunner.java:42)
	at org.eclipse.core.internal.events.BuildManager.basicBuild(BuildManager.java:295)
	at org.eclipse.core.internal.events.BuildManager.basicBuildLoop(BuildManager.java:351)
	at org.eclipse.core.internal.events.BuildManager.build(BuildManager.java:374)
	at org.eclipse.core.internal.events.AutoBuildJob.doBuild(AutoBuildJob.java:143)
	at org.eclipse.core.internal.events.AutoBuildJob.run(AutoBuildJob.java:241)
	at org.eclipse.core.internal.jobs.Worker.run(Worker.java:54)

!ENTRY com.zend.php.semanticanalysis.core 4 10001 2014-01-02 21:43:20.240
!MESSAGE Plugin internal error
!STACK 0
java.lang.NullPointerException
	at com.zend.php.semanticanalysis.internal.core.checks.EVariableDeclarationSearcher.postProcess(EVariableDeclarationSearcher.java)
	at com.zend.php.semanticanalysis.internal.core.checks.UndeclaredVariableCheck$UndeclaredVarsSearcher.postProcess(UndeclaredVariableCheck.java)
	at org.eclipse.php.internal.core.typeinference.VariableDeclarationSearcher.visit(VariableDeclarationSearcher.java:161)
	at org.eclipse.php.internal.core.compiler.ast.nodes.PHPCallExpression.traverse(PHPCallExpression.java:37)
	at org.eclipse.php.internal.core.compiler.ast.nodes.ExpressionStatement.traverse(ExpressionStatement.java:44)
	at org.eclipse.dltk.ast.statements.Block.traverse(Block.java:43)
	at org.eclipse.php.internal.core.compiler.ast.nodes.IfStatement.traverse(IfStatement.java:55)
	at org.eclipse.dltk.ast.statements.Block.traverse(Block.java:43)
	at org.eclipse.dltk.ast.declarations.MethodDeclaration.traverseChildNodes(MethodDeclaration.java:97)
	at org.eclipse.dltk.ast.declarations.MethodDeclaration.traverse(MethodDeclaration.java:71)
	at org.eclipse.dltk.ast.statements.Block.traverse(Block.java:43)
	at org.eclipse.dltk.ast.declarations.TypeDeclaration.traverse(TypeDeclaration.java:158)
	at org.eclipse.dltk.ast.statements.Block.traverse(Block.java:43)
	at org.eclipse.dltk.ast.declarations.ModuleDeclaration.traverse(ModuleDeclaration.java:71)
	at com.zend.php.semanticanalysis.internal.core.checks.UndeclaredVariableCheck.a(UndeclaredVariableCheck.java)
	at com.zend.php.semanticanalysis.internal.core.SemanticAnalysisBuilder.a(SemanticAnalysisBuilder.java)
	at com.zend.php.semanticanalysis.internal.core.SemanticAnalysisBuilder.build(SemanticAnalysisBuilder.java)
	at org.eclipse.dltk.internal.core.builder.ScriptBuilder.fullBuild(ScriptBuilder.java:433)
	at org.eclipse.dltk.internal.core.builder.ScriptBuilder.build(ScriptBuilder.java:153)
	at org.eclipse.core.internal.events.BuildManager$2.run(BuildManager.java:728)
	at org.eclipse.core.runtime.SafeRunner.run(SafeRunner.java:42)
	at org.eclipse.core.internal.events.BuildManager.basicBuild(BuildManager.java:199)
	at org.eclipse.core.internal.events.BuildManager.basicBuild(BuildManager.java:239)
	at org.eclipse.core.internal.events.BuildManager$1.run(BuildManager.java:292)
	at org.eclipse.core.runtime.SafeRunner.run(SafeRunner.java:42)
	at org.eclipse.core.internal.events.BuildManager.basicBuild(BuildManager.java:295)
	at org.eclipse.core.internal.events.BuildManager.basicBuildLoop(BuildManager.java:351)
	at org.eclipse.core.internal.events.BuildManager.build(BuildManager.java:374)
	at org.eclipse.core.internal.events.AutoBuildJob.doBuild(AutoBuildJob.java:143)
	at org.eclipse.core.internal.events.AutoBuildJob.run(AutoBuildJob.java:241)
	at org.eclipse.core.internal.jobs.Worker.run(Worker.java:54)

!ENTRY com.zend.php.semanticanalysis.core 4 10001 2014-01-02 21:43:20.246
!MESSAGE Plugin internal error
!STACK 0
java.lang.NullPointerException
	at com.zend.php.semanticanalysis.internal.core.checks.EVariableDeclarationSearcher.postProcess(EVariableDeclarationSearcher.java)
	at com.zend.php.semanticanalysis.internal.core.checks.UndeclaredVariableCheck$UndeclaredVarsSearcher.postProcess(UndeclaredVariableCheck.java)
	at org.eclipse.php.internal.core.typeinference.VariableDeclarationSearcher.visit(VariableDeclarationSearcher.java:161)
	at org.eclipse.php.internal.core.compiler.ast.nodes.PHPCallExpression.traverse(PHPCallExpression.java:37)
	at org.eclipse.php.internal.core.compiler.ast.nodes.ExpressionStatement.traverse(ExpressionStatement.java:44)
	at org.eclipse.dltk.ast.statements.Block.traverse(Block.java:43)
	at org.eclipse.dltk.ast.declarations.MethodDeclaration.traverseChildNodes(MethodDeclaration.java:97)
	at org.eclipse.dltk.ast.declarations.MethodDeclaration.traverse(MethodDeclaration.java:71)
	at org.eclipse.dltk.ast.statements.Block.traverse(Block.java:43)
	at org.eclipse.dltk.ast.declarations.TypeDeclaration.traverse(TypeDeclaration.java:158)
	at org.eclipse.dltk.ast.statements.Block.traverse(Block.java:43)
	at org.eclipse.dltk.ast.declarations.ModuleDeclaration.traverse(ModuleDeclaration.java:71)
	at com.zend.php.semanticanalysis.internal.core.checks.UndeclaredVariableCheck.a(UndeclaredVariableCheck.java)
	at com.zend.php.semanticanalysis.internal.core.SemanticAnalysisBuilder.a(SemanticAnalysisBuilder.java)
	at com.zend.php.semanticanalysis.internal.core.SemanticAnalysisBuilder.build(SemanticAnalysisBuilder.java)
	at org.eclipse.dltk.internal.core.builder.ScriptBuilder.fullBuild(ScriptBuilder.java:433)
	at org.eclipse.dltk.internal.core.builder.ScriptBuilder.build(ScriptBuilder.java:153)
	at org.eclipse.core.internal.events.BuildManager$2.run(BuildManager.java:728)
	at org.eclipse.core.runtime.SafeRunner.run(SafeRunner.java:42)
	at org.eclipse.core.internal.events.BuildManager.basicBuild(BuildManager.java:199)
	at org.eclipse.core.internal.events.BuildManager.basicBuild(BuildManager.java:239)
	at org.eclipse.core.internal.events.BuildManager$1.run(BuildManager.java:292)
	at org.eclipse.core.runtime.SafeRunner.run(SafeRunner.java:42)
	at org.eclipse.core.internal.events.BuildManager.basicBuild(BuildManager.java:295)
	at org.eclipse.core.internal.events.BuildManager.basicBuildLoop(BuildManager.java:351)
	at org.eclipse.core.internal.events.BuildManager.build(BuildManager.java:374)
	at org.eclipse.core.internal.events.AutoBuildJob.doBuild(AutoBuildJob.java:143)
	at org.eclipse.core.internal.events.AutoBuildJob.run(AutoBuildJob.java:241)
	at org.eclipse.core.internal.jobs.Worker.run(Worker.java:54)

!ENTRY com.zend.php.semanticanalysis.core 4 10001 2014-01-02 21:43:20.247
!MESSAGE Plugin internal error
!STACK 0
java.lang.NullPointerException
	at com.zend.php.semanticanalysis.internal.core.checks.EVariableDeclarationSearcher.postProcess(EVariableDeclarationSearcher.java)
	at com.zend.php.semanticanalysis.internal.core.checks.UndeclaredVariableCheck$UndeclaredVarsSearcher.postProcess(UndeclaredVariableCheck.java)
	at org.eclipse.php.internal.core.typeinference.VariableDeclarationSearcher.visit(VariableDeclarationSearcher.java:161)
	at org.eclipse.php.internal.core.compiler.ast.nodes.PHPCallExpression.traverse(PHPCallExpression.java:37)
	at org.eclipse.php.internal.core.compiler.ast.nodes.ExpressionStatement.traverse(ExpressionStatement.java:44)
	at org.eclipse.dltk.ast.statements.Block.traverse(Block.java:43)
	at org.eclipse.dltk.ast.declarations.MethodDeclaration.traverseChildNodes(MethodDeclaration.java:97)
	at org.eclipse.dltk.ast.declarations.MethodDeclaration.traverse(MethodDeclaration.java:71)
	at org.eclipse.dltk.ast.statements.Block.traverse(Block.java:43)
	at org.eclipse.dltk.ast.declarations.TypeDeclaration.traverse(TypeDeclaration.java:158)
	at org.eclipse.dltk.ast.statements.Block.traverse(Block.java:43)
	at org.eclipse.dltk.ast.declarations.ModuleDeclaration.traverse(ModuleDeclaration.java:71)
	at com.zend.php.semanticanalysis.internal.core.checks.UndeclaredVariableCheck.a(UndeclaredVariableCheck.java)
	at com.zend.php.semanticanalysis.internal.core.SemanticAnalysisBuilder.a(SemanticAnalysisBuilder.java)
	at com.zend.php.semanticanalysis.internal.core.SemanticAnalysisBuilder.build(SemanticAnalysisBuilder.java)
	at org.eclipse.dltk.internal.core.builder.ScriptBuilder.fullBuild(ScriptBuilder.java:433)
	at org.eclipse.dltk.internal.core.builder.ScriptBuilder.build(ScriptBuilder.java:153)
	at org.eclipse.core.internal.events.BuildManager$2.run(BuildManager.java:728)
	at org.eclipse.core.runtime.SafeRunner.run(SafeRunner.java:42)
	at org.eclipse.core.internal.events.BuildManager.basicBuild(BuildManager.java:199)
	at org.eclipse.core.internal.events.BuildManager.basicBuild(BuildManager.java:239)
	at org.eclipse.core.internal.events.BuildManager$1.run(BuildManager.java:292)
	at org.eclipse.core.runtime.SafeRunner.run(SafeRunner.java:42)
	at org.eclipse.core.internal.events.BuildManager.basicBuild(BuildManager.java:295)
	at org.eclipse.core.internal.events.BuildManager.basicBuildLoop(BuildManager.java:351)
	at org.eclipse.core.internal.events.BuildManager.build(BuildManager.java:374)
	at org.eclipse.core.internal.events.AutoBuildJob.doBuild(AutoBuildJob.java:143)
	at org.eclipse.core.internal.events.AutoBuildJob.run(AutoBuildJob.java:241)
	at org.eclipse.core.internal.jobs.Worker.run(Worker.java:54)

!ENTRY com.zend.php.semanticanalysis.core 4 10001 2014-01-02 21:43:20.281
!MESSAGE Plugin internal error
!STACK 0
java.lang.NullPointerException
	at com.zend.php.semanticanalysis.internal.core.checks.EVariableDeclarationSearcher.postProcess(EVariableDeclarationSearcher.java)
	at com.zend.php.semanticanalysis.internal.core.checks.UndeclaredVariableCheck$UndeclaredVarsSearcher.postProcess(UndeclaredVariableCheck.java)
	at org.eclipse.php.internal.core.typeinference.VariableDeclarationSearcher.visit(VariableDeclarationSearcher.java:161)
	at org.eclipse.php.internal.core.compiler.ast.nodes.PHPCallExpression.traverse(PHPCallExpression.java:37)
	at org.eclipse.php.internal.core.compiler.ast.nodes.ExpressionStatement.traverse(ExpressionStatement.java:44)
	at org.eclipse.dltk.ast.statements.Block.traverse(Block.java:43)
	at org.eclipse.dltk.ast.declarations.MethodDeclaration.traverseChildNodes(MethodDeclaration.java:97)
	at org.eclipse.dltk.ast.declarations.MethodDeclaration.traverse(MethodDeclaration.java:71)
	at org.eclipse.dltk.ast.statements.Block.traverse(Block.java:43)
	at org.eclipse.dltk.ast.declarations.TypeDeclaration.traverse(TypeDeclaration.java:158)
	at org.eclipse.dltk.ast.statements.Block.traverse(Block.java:43)
	at org.eclipse.dltk.ast.declarations.ModuleDeclaration.traverse(ModuleDeclaration.java:71)
	at com.zend.php.semanticanalysis.internal.core.checks.UndeclaredVariableCheck.a(UndeclaredVariableCheck.java)
	at com.zend.php.semanticanalysis.internal.core.SemanticAnalysisBuilder.a(SemanticAnalysisBuilder.java)
	at com.zend.php.semanticanalysis.internal.core.SemanticAnalysisBuilder.build(SemanticAnalysisBuilder.java)
	at org.eclipse.dltk.internal.core.builder.ScriptBuilder.fullBuild(ScriptBuilder.java:433)
	at org.eclipse.dltk.internal.core.builder.ScriptBuilder.build(ScriptBuilder.java:153)
	at org.eclipse.core.internal.events.BuildManager$2.run(BuildManager.java:728)
	at org.eclipse.core.runtime.SafeRunner.run(SafeRunner.java:42)
	at org.eclipse.core.internal.events.BuildManager.basicBuild(BuildManager.java:199)
	at org.eclipse.core.internal.events.BuildManager.basicBuild(BuildManager.java:239)
	at org.eclipse.core.internal.events.BuildManager$1.run(BuildManager.java:292)
	at org.eclipse.core.runtime.SafeRunner.run(SafeRunner.java:42)
	at org.eclipse.core.internal.events.BuildManager.basicBuild(BuildManager.java:295)
	at org.eclipse.core.internal.events.BuildManager.basicBuildLoop(BuildManager.java:351)
	at org.eclipse.core.internal.events.BuildManager.build(BuildManager.java:374)
	at org.eclipse.core.internal.events.AutoBuildJob.doBuild(AutoBuildJob.java:143)
	at org.eclipse.core.internal.events.AutoBuildJob.run(AutoBuildJob.java:241)
	at org.eclipse.core.internal.jobs.Worker.run(Worker.java:54)

!ENTRY com.zend.php.semanticanalysis.core 4 10001 2014-01-02 21:43:20.364
!MESSAGE Plugin internal error
!STACK 0
java.lang.NullPointerException
	at com.zend.php.semanticanalysis.internal.core.checks.EVariableDeclarationSearcher.postProcess(EVariableDeclarationSearcher.java)
	at com.zend.php.semanticanalysis.internal.core.checks.UndeclaredVariableCheck$UndeclaredVarsSearcher.postProcess(UndeclaredVariableCheck.java)
	at org.eclipse.php.internal.core.typeinference.VariableDeclarationSearcher.visit(VariableDeclarationSearcher.java:161)
	at org.eclipse.php.internal.core.compiler.ast.nodes.PHPCallExpression.traverse(PHPCallExpression.java:37)
	at org.eclipse.php.internal.core.compiler.ast.nodes.ConditionalExpression.traverse(ConditionalExpression.java:46)
	at org.eclipse.php.internal.core.compiler.ast.nodes.ExpressionStatement.traverse(ExpressionStatement.java:44)
	at org.eclipse.dltk.ast.statements.Block.traverse(Block.java:43)
	at org.eclipse.dltk.ast.declarations.MethodDeclaration.traverseChildNodes(MethodDeclaration.java:97)
	at org.eclipse.dltk.ast.declarations.MethodDeclaration.traverse(MethodDeclaration.java:71)
	at org.eclipse.dltk.ast.statements.Block.traverse(Block.java:43)
	at org.eclipse.dltk.ast.declarations.TypeDeclaration.traverse(TypeDeclaration.java:158)
	at org.eclipse.dltk.ast.statements.Block.traverse(Block.java:43)
	at org.eclipse.dltk.ast.declarations.ModuleDeclaration.traverse(ModuleDeclaration.java:71)
	at com.zend.php.semanticanalysis.internal.core.checks.UndeclaredVariableCheck.a(UndeclaredVariableCheck.java)
	at com.zend.php.semanticanalysis.internal.core.SemanticAnalysisBuilder.a(SemanticAnalysisBuilder.java)
	at com.zend.php.semanticanalysis.internal.core.SemanticAnalysisBuilder.build(SemanticAnalysisBuilder.java)
	at org.eclipse.dltk.internal.core.builder.ScriptBuilder.fullBuild(ScriptBuilder.java:433)
	at org.eclipse.dltk.internal.core.builder.ScriptBuilder.build(ScriptBuilder.java:153)
	at org.eclipse.core.internal.events.BuildManager$2.run(BuildManager.java:728)
	at org.eclipse.core.runtime.SafeRunner.run(SafeRunner.java:42)
	at org.eclipse.core.internal.events.BuildManager.basicBuild(BuildManager.java:199)
	at org.eclipse.core.internal.events.BuildManager.basicBuild(BuildManager.java:239)
	at org.eclipse.core.internal.events.BuildManager$1.run(BuildManager.java:292)
	at org.eclipse.core.runtime.SafeRunner.run(SafeRunner.java:42)
	at org.eclipse.core.internal.events.BuildManager.basicBuild(BuildManager.java:295)
	at org.eclipse.core.internal.events.BuildManager.basicBuildLoop(BuildManager.java:351)
	at org.eclipse.core.internal.events.BuildManager.build(BuildManager.java:374)
	at org.eclipse.core.internal.events.AutoBuildJob.doBuild(AutoBuildJob.java:143)
	at org.eclipse.core.internal.events.AutoBuildJob.run(AutoBuildJob.java:241)
	at org.eclipse.core.internal.jobs.Worker.run(Worker.java:54)

!ENTRY com.zend.php.semanticanalysis.core 4 10001 2014-01-02 21:43:20.370
!MESSAGE Plugin internal error
!STACK 0
java.lang.NullPointerException
	at com.zend.php.semanticanalysis.internal.core.checks.EVariableDeclarationSearcher.postProcess(EVariableDeclarationSearcher.java)
	at com.zend.php.semanticanalysis.internal.core.checks.UndeclaredVariableCheck$UndeclaredVarsSearcher.postProcess(UndeclaredVariableCheck.java)
	at org.eclipse.php.internal.core.typeinference.VariableDeclarationSearcher.visit(VariableDeclarationSearcher.java:161)
	at org.eclipse.php.internal.core.compiler.ast.nodes.PHPCallExpression.traverse(PHPCallExpression.java:37)
	at org.eclipse.php.internal.core.compiler.ast.nodes.ExpressionStatement.traverse(ExpressionStatement.java:44)
	at org.eclipse.dltk.ast.statements.Block.traverse(Block.java:43)
	at org.eclipse.dltk.ast.declarations.MethodDeclaration.traverseChildNodes(MethodDeclaration.java:97)
	at org.eclipse.dltk.ast.declarations.MethodDeclaration.traverse(MethodDeclaration.java:71)
	at org.eclipse.dltk.ast.statements.Block.traverse(Block.java:43)
	at org.eclipse.dltk.ast.declarations.TypeDeclaration.traverse(TypeDeclaration.java:158)
	at org.eclipse.dltk.ast.statements.Block.traverse(Block.java:43)
	at org.eclipse.dltk.ast.declarations.ModuleDeclaration.traverse(ModuleDeclaration.java:71)
	at com.zend.php.semanticanalysis.internal.core.checks.UndeclaredVariableCheck.a(UndeclaredVariableCheck.java)
	at com.zend.php.semanticanalysis.internal.core.SemanticAnalysisBuilder.a(SemanticAnalysisBuilder.java)
	at com.zend.php.semanticanalysis.internal.core.SemanticAnalysisBuilder.build(SemanticAnalysisBuilder.java)
	at org.eclipse.dltk.internal.core.builder.ScriptBuilder.fullBuild(ScriptBuilder.java:433)
	at org.eclipse.dltk.internal.core.builder.ScriptBuilder.build(ScriptBuilder.java:153)
	at org.eclipse.core.internal.events.BuildManager$2.run(BuildManager.java:728)
	at org.eclipse.core.runtime.SafeRunner.run(SafeRunner.java:42)
	at org.eclipse.core.internal.events.BuildManager.basicBuild(BuildManager.java:199)
	at org.eclipse.core.internal.events.BuildManager.basicBuild(BuildManager.java:239)
	at org.eclipse.core.internal.events.BuildManager$1.run(BuildManager.java:292)
	at org.eclipse.core.runtime.SafeRunner.run(SafeRunner.java:42)
	at org.eclipse.core.internal.events.BuildManager.basicBuild(BuildManager.java:295)
	at org.eclipse.core.internal.events.BuildManager.basicBuildLoop(BuildManager.java:351)
	at org.eclipse.core.internal.events.BuildManager.build(BuildManager.java:374)
	at org.eclipse.core.internal.events.AutoBuildJob.doBuild(AutoBuildJob.java:143)
	at org.eclipse.core.internal.events.AutoBuildJob.run(AutoBuildJob.java:241)
	at org.eclipse.core.internal.jobs.Worker.run(Worker.java:54)

!ENTRY com.zend.php.semanticanalysis.core 4 10001 2014-01-02 21:43:20.375
!MESSAGE Plugin internal error
!STACK 0
java.lang.NullPointerException
	at com.zend.php.semanticanalysis.internal.core.checks.EVariableDeclarationSearcher.postProcess(EVariableDeclarationSearcher.java)
	at com.zend.php.semanticanalysis.internal.core.checks.UndeclaredVariableCheck$UndeclaredVarsSearcher.postProcess(UndeclaredVariableCheck.java)
	at org.eclipse.php.internal.core.typeinference.VariableDeclarationSearcher.visit(VariableDeclarationSearcher.java:161)
	at org.eclipse.php.internal.core.compiler.ast.nodes.PHPCallExpression.traverse(PHPCallExpression.java:37)
	at org.eclipse.php.internal.core.compiler.ast.nodes.ExpressionStatement.traverse(ExpressionStatement.java:44)
	at org.eclipse.dltk.ast.statements.Block.traverse(Block.java:43)
	at org.eclipse.dltk.ast.declarations.MethodDeclaration.traverseChildNodes(MethodDeclaration.java:97)
	at org.eclipse.dltk.ast.declarations.MethodDeclaration.traverse(MethodDeclaration.java:71)
	at org.eclipse.dltk.ast.statements.Block.traverse(Block.java:43)
	at org.eclipse.dltk.ast.declarations.TypeDeclaration.traverse(TypeDeclaration.java:158)
	at org.eclipse.dltk.ast.statements.Block.traverse(Block.java:43)
	at org.eclipse.dltk.ast.declarations.ModuleDeclaration.traverse(ModuleDeclaration.java:71)
	at com.zend.php.semanticanalysis.internal.core.checks.UndeclaredVariableCheck.a(UndeclaredVariableCheck.java)
	at com.zend.php.semanticanalysis.internal.core.SemanticAnalysisBuilder.a(SemanticAnalysisBuilder.java)
	at com.zend.php.semanticanalysis.internal.core.SemanticAnalysisBuilder.build(SemanticAnalysisBuilder.java)
	at org.eclipse.dltk.internal.core.builder.ScriptBuilder.fullBuild(ScriptBuilder.java:433)
	at org.eclipse.dltk.internal.core.builder.ScriptBuilder.build(ScriptBuilder.java:153)
	at org.eclipse.core.internal.events.BuildManager$2.run(BuildManager.java:728)
	at org.eclipse.core.runtime.SafeRunner.run(SafeRunner.java:42)
	at org.eclipse.core.internal.events.BuildManager.basicBuild(BuildManager.java:199)
	at org.eclipse.core.internal.events.BuildManager.basicBuild(BuildManager.java:239)
	at org.eclipse.core.internal.events.BuildManager$1.run(BuildManager.java:292)
	at org.eclipse.core.runtime.SafeRunner.run(SafeRunner.java:42)
	at org.eclipse.core.internal.events.BuildManager.basicBuild(BuildManager.java:295)
	at org.eclipse.core.internal.events.BuildManager.basicBuildLoop(BuildManager.java:351)
	at org.eclipse.core.internal.events.BuildManager.build(BuildManager.java:374)
	at org.eclipse.core.internal.events.AutoBuildJob.doBuild(AutoBuildJob.java:143)
	at org.eclipse.core.internal.events.AutoBuildJob.run(AutoBuildJob.java:241)
	at org.eclipse.core.internal.jobs.Worker.run(Worker.java:54)

!ENTRY com.zend.php.semanticanalysis.core 4 10001 2014-01-02 21:43:20.383
!MESSAGE Plugin internal error
!STACK 0
java.lang.NullPointerException
	at com.zend.php.semanticanalysis.internal.core.checks.EVariableDeclarationSearcher.postProcess(EVariableDeclarationSearcher.java)
	at com.zend.php.semanticanalysis.internal.core.checks.UndeclaredVariableCheck$UndeclaredVarsSearcher.postProcess(UndeclaredVariableCheck.java)
	at org.eclipse.php.internal.core.typeinference.VariableDeclarationSearcher.visit(VariableDeclarationSearcher.java:161)
	at org.eclipse.php.internal.core.compiler.ast.nodes.PHPCallExpression.traverse(PHPCallExpression.java:37)
	at org.eclipse.php.internal.core.compiler.ast.nodes.ExpressionStatement.traverse(ExpressionStatement.java:44)
	at org.eclipse.dltk.ast.statements.Block.traverse(Block.java:43)
	at org.eclipse.dltk.ast.declarations.MethodDeclaration.traverseChildNodes(MethodDeclaration.java:97)
	at org.eclipse.dltk.ast.declarations.MethodDeclaration.traverse(MethodDeclaration.java:71)
	at org.eclipse.dltk.ast.statements.Block.traverse(Block.java:43)
	at org.eclipse.dltk.ast.declarations.TypeDeclaration.traverse(TypeDeclaration.java:158)
	at org.eclipse.dltk.ast.statements.Block.traverse(Block.java:43)
	at org.eclipse.dltk.ast.declarations.ModuleDeclaration.traverse(ModuleDeclaration.java:71)
	at com.zend.php.semanticanalysis.internal.core.checks.UndeclaredVariableCheck.a(UndeclaredVariableCheck.java)
	at com.zend.php.semanticanalysis.internal.core.SemanticAnalysisBuilder.a(SemanticAnalysisBuilder.java)
	at com.zend.php.semanticanalysis.internal.core.SemanticAnalysisBuilder.build(SemanticAnalysisBuilder.java)
	at org.eclipse.dltk.internal.core.builder.ScriptBuilder.fullBuild(ScriptBuilder.java:433)
	at org.eclipse.dltk.internal.core.builder.ScriptBuilder.build(ScriptBuilder.java:153)
	at org.eclipse.core.internal.events.BuildManager$2.run(BuildManager.java:728)
	at org.eclipse.core.runtime.SafeRunner.run(SafeRunner.java:42)
	at org.eclipse.core.internal.events.BuildManager.basicBuild(BuildManager.java:199)
	at org.eclipse.core.internal.events.BuildManager.basicBuild(BuildManager.java:239)
	at org.eclipse.core.internal.events.BuildManager$1.run(BuildManager.java:292)
	at org.eclipse.core.runtime.SafeRunner.run(SafeRunner.java:42)
	at org.eclipse.core.internal.events.BuildManager.basicBuild(BuildManager.java:295)
	at org.eclipse.core.internal.events.BuildManager.basicBuildLoop(BuildManager.java:351)
	at org.eclipse.core.internal.events.BuildManager.build(BuildManager.java:374)
	at org.eclipse.core.internal.events.AutoBuildJob.doBuild(AutoBuildJob.java:143)
	at org.eclipse.core.internal.events.AutoBuildJob.run(AutoBuildJob.java:241)
	at org.eclipse.core.internal.jobs.Worker.run(Worker.java:54)

!ENTRY com.zend.php.semanticanalysis.core 4 10001 2014-01-02 21:43:20.401
!MESSAGE Plugin internal error
!STACK 0
java.lang.NullPointerException
	at com.zend.php.semanticanalysis.internal.core.checks.EVariableDeclarationSearcher.postProcess(EVariableDeclarationSearcher.java)
	at com.zend.php.semanticanalysis.internal.core.checks.UndeclaredVariableCheck$UndeclaredVarsSearcher.postProcess(UndeclaredVariableCheck.java)
	at org.eclipse.php.internal.core.typeinference.VariableDeclarationSearcher.visit(VariableDeclarationSearcher.java:161)
	at org.eclipse.php.internal.core.compiler.ast.nodes.PHPCallExpression.traverse(PHPCallExpression.java:37)
	at org.eclipse.php.internal.core.compiler.ast.nodes.ConditionalExpression.traverse(ConditionalExpression.java:46)
	at org.eclipse.php.internal.core.compiler.ast.nodes.ExpressionStatement.traverse(ExpressionStatement.java:44)
	at org.eclipse.dltk.ast.statements.Block.traverse(Block.java:43)
	at org.eclipse.dltk.ast.declarations.MethodDeclaration.traverseChildNodes(MethodDeclaration.java:97)
	at org.eclipse.dltk.ast.declarations.MethodDeclaration.traverse(MethodDeclaration.java:71)
	at org.eclipse.dltk.ast.statements.Block.traverse(Block.java:43)
	at org.eclipse.dltk.ast.declarations.TypeDeclaration.traverse(TypeDeclaration.java:158)
	at org.eclipse.dltk.ast.statements.Block.traverse(Block.java:43)
	at org.eclipse.dltk.ast.declarations.ModuleDeclaration.traverse(ModuleDeclaration.java:71)
	at com.zend.php.semanticanalysis.internal.core.checks.UndeclaredVariableCheck.a(UndeclaredVariableCheck.java)
	at com.zend.php.semanticanalysis.internal.core.SemanticAnalysisBuilder.a(SemanticAnalysisBuilder.java)
	at com.zend.php.semanticanalysis.internal.core.SemanticAnalysisBuilder.build(SemanticAnalysisBuilder.java)
	at org.eclipse.dltk.internal.core.builder.ScriptBuilder.fullBuild(ScriptBuilder.java:433)
	at org.eclipse.dltk.internal.core.builder.ScriptBuilder.build(ScriptBuilder.java:153)
	at org.eclipse.core.internal.events.BuildManager$2.run(BuildManager.java:728)
	at org.eclipse.core.runtime.SafeRunner.run(SafeRunner.java:42)
	at org.eclipse.core.internal.events.BuildManager.basicBuild(BuildManager.java:199)
	at org.eclipse.core.internal.events.BuildManager.basicBuild(BuildManager.java:239)
	at org.eclipse.core.internal.events.BuildManager$1.run(BuildManager.java:292)
	at org.eclipse.core.runtime.SafeRunner.run(SafeRunner.java:42)
	at org.eclipse.core.internal.events.BuildManager.basicBuild(BuildManager.java:295)
	at org.eclipse.core.internal.events.BuildManager.basicBuildLoop(BuildManager.java:351)
	at org.eclipse.core.internal.events.BuildManager.build(BuildManager.java:374)
	at org.eclipse.core.internal.events.AutoBuildJob.doBuild(AutoBuildJob.java:143)
	at org.eclipse.core.internal.events.AutoBuildJob.run(AutoBuildJob.java:241)
	at org.eclipse.core.internal.jobs.Worker.run(Worker.java:54)

!ENTRY com.zend.php.semanticanalysis.core 4 10001 2014-01-02 21:43:20.408
!MESSAGE Plugin internal error
!STACK 0
java.lang.NullPointerException
	at com.zend.php.semanticanalysis.internal.core.checks.EVariableDeclarationSearcher.postProcess(EVariableDeclarationSearcher.java)
	at com.zend.php.semanticanalysis.internal.core.checks.UndeclaredVariableCheck$UndeclaredVarsSearcher.postProcess(UndeclaredVariableCheck.java)
	at org.eclipse.php.internal.core.typeinference.VariableDeclarationSearcher.visit(VariableDeclarationSearcher.java:161)
	at org.eclipse.php.internal.core.compiler.ast.nodes.PHPCallExpression.traverse(PHPCallExpression.java:37)
	at org.eclipse.php.internal.core.compiler.ast.nodes.ExpressionStatement.traverse(ExpressionStatement.java:44)
	at org.eclipse.dltk.ast.statements.Block.traverse(Block.java:43)
	at org.eclipse.dltk.ast.declarations.MethodDeclaration.traverseChildNodes(MethodDeclaration.java:97)
	at org.eclipse.dltk.ast.declarations.MethodDeclaration.traverse(MethodDeclaration.java:71)
	at org.eclipse.dltk.ast.statements.Block.traverse(Block.java:43)
	at org.eclipse.dltk.ast.declarations.TypeDeclaration.traverse(TypeDeclaration.java:158)
	at org.eclipse.dltk.ast.statements.Block.traverse(Block.java:43)
	at org.eclipse.dltk.ast.declarations.ModuleDeclaration.traverse(ModuleDeclaration.java:71)
	at com.zend.php.semanticanalysis.internal.core.checks.UndeclaredVariableCheck.a(UndeclaredVariableCheck.java)
	at com.zend.php.semanticanalysis.internal.core.SemanticAnalysisBuilder.a(SemanticAnalysisBuilder.java)
	at com.zend.php.semanticanalysis.internal.core.SemanticAnalysisBuilder.build(SemanticAnalysisBuilder.java)
	at org.eclipse.dltk.internal.core.builder.ScriptBuilder.fullBuild(ScriptBuilder.java:433)
	at org.eclipse.dltk.internal.core.builder.ScriptBuilder.build(ScriptBuilder.java:153)
	at org.eclipse.core.internal.events.BuildManager$2.run(BuildManager.java:728)
	at org.eclipse.core.runtime.SafeRunner.run(SafeRunner.java:42)
	at org.eclipse.core.internal.events.BuildManager.basicBuild(BuildManager.java:199)
	at org.eclipse.core.internal.events.BuildManager.basicBuild(BuildManager.java:239)
	at org.eclipse.core.internal.events.BuildManager$1.run(BuildManager.java:292)
	at org.eclipse.core.runtime.SafeRunner.run(SafeRunner.java:42)
	at org.eclipse.core.internal.events.BuildManager.basicBuild(BuildManager.java:295)
	at org.eclipse.core.internal.events.BuildManager.basicBuildLoop(BuildManager.java:351)
	at org.eclipse.core.internal.events.BuildManager.build(BuildManager.java:374)
	at org.eclipse.core.internal.events.AutoBuildJob.doBuild(AutoBuildJob.java:143)
	at org.eclipse.core.internal.events.AutoBuildJob.run(AutoBuildJob.java:241)
	at org.eclipse.core.internal.jobs.Worker.run(Worker.java:54)

!ENTRY com.zend.php.semanticanalysis.core 4 10001 2014-01-02 21:43:20.416
!MESSAGE Plugin internal error
!STACK 0
java.lang.NullPointerException
	at com.zend.php.semanticanalysis.internal.core.checks.EVariableDeclarationSearcher.postProcess(EVariableDeclarationSearcher.java)
	at com.zend.php.semanticanalysis.internal.core.checks.UndeclaredVariableCheck$UndeclaredVarsSearcher.postProcess(UndeclaredVariableCheck.java)
	at org.eclipse.php.internal.core.typeinference.VariableDeclarationSearcher.visit(VariableDeclarationSearcher.java:161)
	at org.eclipse.php.internal.core.compiler.ast.nodes.PHPCallExpression.traverse(PHPCallExpression.java:37)
	at org.eclipse.php.internal.core.compiler.ast.nodes.ExpressionStatement.traverse(ExpressionStatement.java:44)
	at org.eclipse.dltk.ast.statements.Block.traverse(Block.java:43)
	at org.eclipse.dltk.ast.declarations.MethodDeclaration.traverseChildNodes(MethodDeclaration.java:97)
	at org.eclipse.dltk.ast.declarations.MethodDeclaration.traverse(MethodDeclaration.java:71)
	at org.eclipse.dltk.ast.statements.Block.traverse(Block.java:43)
	at org.eclipse.dltk.ast.declarations.TypeDeclaration.traverse(TypeDeclaration.java:158)
	at org.eclipse.dltk.ast.statements.Block.traverse(Block.java:43)
	at org.eclipse.dltk.ast.declarations.ModuleDeclaration.traverse(ModuleDeclaration.java:71)
	at com.zend.php.semanticanalysis.internal.core.checks.UndeclaredVariableCheck.a(UndeclaredVariableCheck.java)
	at com.zend.php.semanticanalysis.internal.core.SemanticAnalysisBuilder.a(SemanticAnalysisBuilder.java)
	at com.zend.php.semanticanalysis.internal.core.SemanticAnalysisBuilder.build(SemanticAnalysisBuilder.java)
	at org.eclipse.dltk.internal.core.builder.ScriptBuilder.fullBuild(ScriptBuilder.java:433)
	at org.eclipse.dltk.internal.core.builder.ScriptBuilder.build(ScriptBuilder.java:153)
	at org.eclipse.core.internal.events.BuildManager$2.run(BuildManager.java:728)
	at org.eclipse.core.runtime.SafeRunner.run(SafeRunner.java:42)
	at org.eclipse.core.internal.events.BuildManager.basicBuild(BuildManager.java:199)
	at org.eclipse.core.internal.events.BuildManager.basicBuild(BuildManager.java:239)
	at org.eclipse.core.internal.events.BuildManager$1.run(BuildManager.java:292)
	at org.eclipse.core.runtime.SafeRunner.run(SafeRunner.java:42)
	at org.eclipse.core.internal.events.BuildManager.basicBuild(BuildManager.java:295)
	at org.eclipse.core.internal.events.BuildManager.basicBuildLoop(BuildManager.java:351)
	at org.eclipse.core.internal.events.BuildManager.build(BuildManager.java:374)
	at org.eclipse.core.internal.events.AutoBuildJob.doBuild(AutoBuildJob.java:143)
	at org.eclipse.core.internal.events.AutoBuildJob.run(AutoBuildJob.java:241)
	at org.eclipse.core.internal.jobs.Worker.run(Worker.java:54)

!ENTRY com.zend.php.semanticanalysis.core 4 10001 2014-01-02 21:43:20.448
!MESSAGE Plugin internal error
!STACK 0
java.lang.NullPointerException
	at com.zend.php.semanticanalysis.internal.core.checks.EVariableDeclarationSearcher.postProcess(EVariableDeclarationSearcher.java)
	at com.zend.php.semanticanalysis.internal.core.checks.UndeclaredVariableCheck$UndeclaredVarsSearcher.postProcess(UndeclaredVariableCheck.java)
	at org.eclipse.php.internal.core.typeinference.VariableDeclarationSearcher.visit(VariableDeclarationSearcher.java:161)
	at org.eclipse.php.internal.core.compiler.ast.nodes.PHPCallExpression.traverse(PHPCallExpression.java:37)
	at org.eclipse.php.internal.core.compiler.ast.nodes.ExpressionStatement.traverse(ExpressionStatement.java:44)
	at org.eclipse.dltk.ast.statements.Block.traverse(Block.java:43)
	at org.eclipse.dltk.ast.declarations.MethodDeclaration.traverseChildNodes(MethodDeclaration.java:97)
	at org.eclipse.dltk.ast.declarations.MethodDeclaration.traverse(MethodDeclaration.java:71)
	at org.eclipse.dltk.ast.statements.Block.traverse(Block.java:43)
	at org.eclipse.dltk.ast.declarations.TypeDeclaration.traverse(TypeDeclaration.java:158)
	at org.eclipse.dltk.ast.statements.Block.traverse(Block.java:43)
	at org.eclipse.dltk.ast.declarations.ModuleDeclaration.traverse(ModuleDeclaration.java:71)
	at com.zend.php.semanticanalysis.internal.core.checks.UndeclaredVariableCheck.a(UndeclaredVariableCheck.java)
	at com.zend.php.semanticanalysis.internal.core.SemanticAnalysisBuilder.a(SemanticAnalysisBuilder.java)
	at com.zend.php.semanticanalysis.internal.core.SemanticAnalysisBuilder.build(SemanticAnalysisBuilder.java)
	at org.eclipse.dltk.internal.core.builder.ScriptBuilder.fullBuild(ScriptBuilder.java:433)
	at org.eclipse.dltk.internal.core.builder.ScriptBuilder.build(ScriptBuilder.java:153)
	at org.eclipse.core.internal.events.BuildManager$2.run(BuildManager.java:728)
	at org.eclipse.core.runtime.SafeRunner.run(SafeRunner.java:42)
	at org.eclipse.core.internal.events.BuildManager.basicBuild(BuildManager.java:199)
	at org.eclipse.core.internal.events.BuildManager.basicBuild(BuildManager.java:239)
	at org.eclipse.core.internal.events.BuildManager$1.run(BuildManager.java:292)
	at org.eclipse.core.runtime.SafeRunner.run(SafeRunner.java:42)
	at org.eclipse.core.internal.events.BuildManager.basicBuild(BuildManager.java:295)
	at org.eclipse.core.internal.events.BuildManager.basicBuildLoop(BuildManager.java:351)
	at org.eclipse.core.internal.events.BuildManager.build(BuildManager.java:374)
	at org.eclipse.core.internal.events.AutoBuildJob.doBuild(AutoBuildJob.java:143)
	at org.eclipse.core.internal.events.AutoBuildJob.run(AutoBuildJob.java:241)
	at org.eclipse.core.internal.jobs.Worker.run(Worker.java:54)

!ENTRY com.zend.php.semanticanalysis.core 4 10001 2014-01-02 21:43:20.487
!MESSAGE Plugin internal error
!STACK 0
java.lang.NullPointerException
	at com.zend.php.semanticanalysis.internal.core.checks.EVariableDeclarationSearcher.postProcess(EVariableDeclarationSearcher.java)
	at com.zend.php.semanticanalysis.internal.core.checks.UndeclaredVariableCheck$UndeclaredVarsSearcher.postProcess(UndeclaredVariableCheck.java)
	at org.eclipse.php.internal.core.typeinference.VariableDeclarationSearcher.visit(VariableDeclarationSearcher.java:161)
	at org.eclipse.php.internal.core.compiler.ast.nodes.PHPCallExpression.traverse(PHPCallExpression.java:37)
	at org.eclipse.php.internal.core.compiler.ast.nodes.ReturnStatement.traverse(ReturnStatement.java:42)
	at org.eclipse.dltk.ast.statements.Block.traverse(Block.java:43)
	at org.eclipse.php.internal.core.compiler.ast.nodes.IfStatement.traverse(IfStatement.java:55)
	at org.eclipse.dltk.ast.statements.Block.traverse(Block.java:43)
	at org.eclipse.dltk.ast.declarations.MethodDeclaration.traverseChildNodes(MethodDeclaration.java:97)
	at org.eclipse.dltk.ast.declarations.MethodDeclaration.traverse(MethodDeclaration.java:71)
	at org.eclipse.dltk.ast.statements.Block.traverse(Block.java:43)
	at org.eclipse.dltk.ast.declarations.MethodDeclaration.traverseChildNodes(MethodDeclaration.java:97)
	at org.eclipse.dltk.ast.declarations.MethodDeclaration.traverse(MethodDeclaration.java:71)
	at org.eclipse.dltk.ast.statements.Block.traverse(Block.java:43)
	at org.eclipse.dltk.ast.declarations.TypeDeclaration.traverse(TypeDeclaration.java:158)
	at org.eclipse.dltk.ast.statements.Block.traverse(Block.java:43)
	at org.eclipse.dltk.ast.declarations.ModuleDeclaration.traverse(ModuleDeclaration.java:71)
	at com.zend.php.semanticanalysis.internal.core.checks.UndeclaredVariableCheck.a(UndeclaredVariableCheck.java)
	at com.zend.php.semanticanalysis.internal.core.SemanticAnalysisBuilder.a(SemanticAnalysisBuilder.java)
	at com.zend.php.semanticanalysis.internal.core.SemanticAnalysisBuilder.build(SemanticAnalysisBuilder.java)
	at org.eclipse.dltk.internal.core.builder.ScriptBuilder.fullBuild(ScriptBuilder.java:433)
	at org.eclipse.dltk.internal.core.builder.ScriptBuilder.build(ScriptBuilder.java:153)
	at org.eclipse.core.internal.events.BuildManager$2.run(BuildManager.java:728)
	at org.eclipse.core.runtime.SafeRunner.run(SafeRunner.java:42)
	at org.eclipse.core.internal.events.BuildManager.basicBuild(BuildManager.java:199)
	at org.eclipse.core.internal.events.BuildManager.basicBuild(BuildManager.java:239)
	at org.eclipse.core.internal.events.BuildManager$1.run(BuildManager.java:292)
	at org.eclipse.core.runtime.SafeRunner.run(SafeRunner.java:42)
	at org.eclipse.core.internal.events.BuildManager.basicBuild(BuildManager.java:295)
	at org.eclipse.core.internal.events.BuildManager.basicBuildLoop(BuildManager.java:351)
	at org.eclipse.core.internal.events.BuildManager.build(BuildManager.java:374)
	at org.eclipse.core.internal.events.AutoBuildJob.doBuild(AutoBuildJob.java:143)
	at org.eclipse.core.internal.events.AutoBuildJob.run(AutoBuildJob.java:241)
	at org.eclipse.core.internal.jobs.Worker.run(Worker.java:54)

!ENTRY com.zend.php.semanticanalysis.core 4 10001 2014-01-02 21:43:20.707
!MESSAGE Plugin internal error
!STACK 0
java.lang.NullPointerException
	at com.zend.php.semanticanalysis.internal.core.checks.EVariableDeclarationSearcher.postProcess(EVariableDeclarationSearcher.java)
	at com.zend.php.semanticanalysis.internal.core.checks.UndeclaredVariableCheck$UndeclaredVarsSearcher.postProcess(UndeclaredVariableCheck.java)
	at org.eclipse.php.internal.core.typeinference.VariableDeclarationSearcher.visit(VariableDeclarationSearcher.java:161)
	at org.eclipse.php.internal.core.compiler.ast.nodes.PHPCallExpression.traverse(PHPCallExpression.java:37)
	at org.eclipse.php.internal.core.compiler.ast.nodes.Assignment.traverse(Assignment.java:72)
	at org.eclipse.php.internal.core.compiler.ast.nodes.ExpressionStatement.traverse(ExpressionStatement.java:44)
	at org.eclipse.dltk.ast.statements.Block.traverse(Block.java:43)
	at org.eclipse.php.internal.core.compiler.ast.nodes.IfStatement.traverse(IfStatement.java:55)
	at org.eclipse.dltk.ast.statements.Block.traverse(Block.java:43)
	at org.eclipse.php.internal.core.compiler.ast.nodes.IfStatement.traverse(IfStatement.java:55)
	at org.eclipse.dltk.ast.statements.Block.traverse(Block.java:43)
	at org.eclipse.php.internal.core.compiler.ast.nodes.IfStatement.traverse(IfStatement.java:57)
	at org.eclipse.dltk.ast.statements.Block.traverse(Block.java:43)
	at org.eclipse.php.internal.core.compiler.ast.nodes.IfStatement.traverse(IfStatement.java:55)
	at org.eclipse.dltk.ast.statements.Block.traverse(Block.java:43)
	at org.eclipse.dltk.ast.declarations.MethodDeclaration.traverseChildNodes(MethodDeclaration.java:97)
	at org.eclipse.dltk.ast.declarations.MethodDeclaration.traverse(MethodDeclaration.java:71)
	at org.eclipse.dltk.ast.statements.Block.traverse(Block.java:43)
	at org.eclipse.php.internal.core.compiler.ast.nodes.ForEachStatement.traverse(ForEachStatement.java:63)
	at org.eclipse.dltk.ast.statements.Block.traverse(Block.java:43)
	at org.eclipse.php.internal.core.compiler.ast.nodes.IfStatement.traverse(IfStatement.java:55)
	at org.eclipse.dltk.ast.statements.Block.traverse(Block.java:43)
	at org.eclipse.dltk.ast.declarations.ModuleDeclaration.traverse(ModuleDeclaration.java:71)
	at com.zend.php.semanticanalysis.internal.core.checks.UndeclaredVariableCheck.a(UndeclaredVariableCheck.java)
	at com.zend.php.semanticanalysis.internal.core.SemanticAnalysisBuilder.a(SemanticAnalysisBuilder.java)
	at com.zend.php.semanticanalysis.internal.core.SemanticAnalysisBuilder.build(SemanticAnalysisBuilder.java)
	at org.eclipse.dltk.internal.core.builder.ScriptBuilder.fullBuild(ScriptBuilder.java:433)
	at org.eclipse.dltk.internal.core.builder.ScriptBuilder.build(ScriptBuilder.java:153)
	at org.eclipse.core.internal.events.BuildManager$2.run(BuildManager.java:728)
	at org.eclipse.core.runtime.SafeRunner.run(SafeRunner.java:42)
	at org.eclipse.core.internal.events.BuildManager.basicBuild(BuildManager.java:199)
	at org.eclipse.core.internal.events.BuildManager.basicBuild(BuildManager.java:239)
	at org.eclipse.core.internal.events.BuildManager$1.run(BuildManager.java:292)
	at org.eclipse.core.runtime.SafeRunner.run(SafeRunner.java:42)
	at org.eclipse.core.internal.events.BuildManager.basicBuild(BuildManager.java:295)
	at org.eclipse.core.internal.events.BuildManager.basicBuildLoop(BuildManager.java:351)
	at org.eclipse.core.internal.events.BuildManager.build(BuildManager.java:374)
	at org.eclipse.core.internal.events.AutoBuildJob.doBuild(AutoBuildJob.java:143)
	at org.eclipse.core.internal.events.AutoBuildJob.run(AutoBuildJob.java:241)
	at org.eclipse.core.internal.jobs.Worker.run(Worker.java:54)

!ENTRY org.eclipse.dltk.core 2 0 2014-01-02 21:45:22.927
!MESSAGE Error decoding problem idenfier "16777528"

!ENTRY com.zend.php.semanticanalysis.core 4 10001 2014-01-02 21:46:06.451
!MESSAGE Plugin internal error
!STACK 0
java.lang.NullPointerException
	at com.zend.php.semanticanalysis.internal.core.checks.EVariableDeclarationSearcher.postProcess(EVariableDeclarationSearcher.java)
	at com.zend.php.semanticanalysis.internal.core.checks.UndeclaredVariableCheck$UndeclaredVarsSearcher.postProcess(UndeclaredVariableCheck.java)
	at org.eclipse.php.internal.core.typeinference.VariableDeclarationSearcher.visit(VariableDeclarationSearcher.java:161)
	at org.eclipse.php.internal.core.compiler.ast.nodes.PHPCallExpression.traverse(PHPCallExpression.java:37)
	at org.eclipse.php.internal.core.compiler.ast.nodes.ExpressionStatement.traverse(ExpressionStatement.java:44)
	at org.eclipse.dltk.ast.statements.Block.traverse(Block.java:43)
	at org.eclipse.dltk.ast.declarations.MethodDeclaration.traverseChildNodes(MethodDeclaration.java:97)
	at org.eclipse.dltk.ast.declarations.MethodDeclaration.traverse(MethodDeclaration.java:71)
	at org.eclipse.dltk.ast.statements.Block.traverse(Block.java:43)
	at org.eclipse.dltk.ast.declarations.TypeDeclaration.traverse(TypeDeclaration.java:158)
	at org.eclipse.dltk.ast.statements.Block.traverse(Block.java:43)
	at org.eclipse.dltk.ast.declarations.ModuleDeclaration.traverse(ModuleDeclaration.java:71)
	at com.zend.php.semanticanalysis.internal.core.checks.UndeclaredVariableCheck.a(UndeclaredVariableCheck.java)
	at com.zend.php.semanticanalysis.internal.core.SemanticAnalysisBuilder.a(SemanticAnalysisBuilder.java)
	at com.zend.php.semanticanalysis.internal.core.SemanticAnalysisBuilder.build(SemanticAnalysisBuilder.java)
	at org.eclipse.dltk.internal.core.builder.ScriptBuilder.fullBuild(ScriptBuilder.java:433)
	at org.eclipse.dltk.internal.core.builder.ScriptBuilder.build(ScriptBuilder.java:168)
	at org.eclipse.core.internal.events.BuildManager$2.run(BuildManager.java:728)
	at org.eclipse.core.runtime.SafeRunner.run(SafeRunner.java:42)
	at org.eclipse.core.internal.events.BuildManager.basicBuild(BuildManager.java:199)
	at org.eclipse.core.internal.events.BuildManager.basicBuild(BuildManager.java:239)
	at org.eclipse.core.internal.events.BuildManager$1.run(BuildManager.java:292)
	at org.eclipse.core.runtime.SafeRunner.run(SafeRunner.java:42)
	at org.eclipse.core.internal.events.BuildManager.basicBuild(BuildManager.java:295)
	at org.eclipse.core.internal.events.BuildManager.basicBuildLoop(BuildManager.java:351)
	at org.eclipse.core.internal.events.BuildManager.build(BuildManager.java:374)
	at org.eclipse.core.internal.events.AutoBuildJob.doBuild(AutoBuildJob.java:143)
	at org.eclipse.core.internal.events.AutoBuildJob.run(AutoBuildJob.java:241)
	at org.eclipse.core.internal.jobs.Worker.run(Worker.java:54)

!ENTRY com.zend.php.semanticanalysis.core 4 10001 2014-01-02 21:46:06.452
!MESSAGE Plugin internal error
!STACK 0
java.lang.NullPointerException
	at com.zend.php.semanticanalysis.internal.core.checks.EVariableDeclarationSearcher.postProcess(EVariableDeclarationSearcher.java)
	at com.zend.php.semanticanalysis.internal.core.checks.UndeclaredVariableCheck$UndeclaredVarsSearcher.postProcess(UndeclaredVariableCheck.java)
	at org.eclipse.php.internal.core.typeinference.VariableDeclarationSearcher.visit(VariableDeclarationSearcher.java:161)
	at org.eclipse.php.internal.core.compiler.ast.nodes.PHPCallExpression.traverse(PHPCallExpression.java:37)
	at org.eclipse.php.internal.core.compiler.ast.nodes.ExpressionStatement.traverse(ExpressionStatement.java:44)
	at org.eclipse.dltk.ast.statements.Block.traverse(Block.java:43)
	at org.eclipse.dltk.ast.declarations.MethodDeclaration.traverseChildNodes(MethodDeclaration.java:97)
	at org.eclipse.dltk.ast.declarations.MethodDeclaration.traverse(MethodDeclaration.java:71)
	at org.eclipse.dltk.ast.statements.Block.traverse(Block.java:43)
	at org.eclipse.dltk.ast.declarations.TypeDeclaration.traverse(TypeDeclaration.java:158)
	at org.eclipse.dltk.ast.statements.Block.traverse(Block.java:43)
	at org.eclipse.dltk.ast.declarations.ModuleDeclaration.traverse(ModuleDeclaration.java:71)
	at com.zend.php.semanticanalysis.internal.core.checks.UndeclaredVariableCheck.a(UndeclaredVariableCheck.java)
	at com.zend.php.semanticanalysis.internal.core.SemanticAnalysisBuilder.a(SemanticAnalysisBuilder.java)
	at com.zend.php.semanticanalysis.internal.core.SemanticAnalysisBuilder.build(SemanticAnalysisBuilder.java)
	at org.eclipse.dltk.internal.core.builder.ScriptBuilder.fullBuild(ScriptBuilder.java:433)
	at org.eclipse.dltk.internal.core.builder.ScriptBuilder.build(ScriptBuilder.java:168)
	at org.eclipse.core.internal.events.BuildManager$2.run(BuildManager.java:728)
	at org.eclipse.core.runtime.SafeRunner.run(SafeRunner.java:42)
	at org.eclipse.core.internal.events.BuildManager.basicBuild(BuildManager.java:199)
	at org.eclipse.core.internal.events.BuildManager.basicBuild(BuildManager.java:239)
	at org.eclipse.core.internal.events.BuildManager$1.run(BuildManager.java:292)
	at org.eclipse.core.runtime.SafeRunner.run(SafeRunner.java:42)
	at org.eclipse.core.internal.events.BuildManager.basicBuild(BuildManager.java:295)
	at org.eclipse.core.internal.events.BuildManager.basicBuildLoop(BuildManager.java:351)
	at org.eclipse.core.internal.events.BuildManager.build(BuildManager.java:374)
	at org.eclipse.core.internal.events.AutoBuildJob.doBuild(AutoBuildJob.java:143)
	at org.eclipse.core.internal.events.AutoBuildJob.run(AutoBuildJob.java:241)
	at org.eclipse.core.internal.jobs.Worker.run(Worker.java:54)

!ENTRY com.zend.php.semanticanalysis.core 4 10001 2014-01-02 21:46:06.454
!MESSAGE Plugin internal error
!STACK 0
java.lang.NullPointerException
	at com.zend.php.semanticanalysis.internal.core.checks.EVariableDeclarationSearcher.postProcess(EVariableDeclarationSearcher.java)
	at com.zend.php.semanticanalysis.internal.core.checks.UndeclaredVariableCheck$UndeclaredVarsSearcher.postProcess(UndeclaredVariableCheck.java)
	at org.eclipse.php.internal.core.typeinference.VariableDeclarationSearcher.visit(VariableDeclarationSearcher.java:161)
	at org.eclipse.php.internal.core.compiler.ast.nodes.PHPCallExpression.traverse(PHPCallExpression.java:37)
	at org.eclipse.php.internal.core.compiler.ast.nodes.InfixExpression.traverse(InfixExpression.java:149)
	at org.eclipse.php.internal.core.compiler.ast.nodes.IfStatement.traverse(IfStatement.java:54)
	at org.eclipse.dltk.ast.statements.Block.traverse(Block.java:43)
	at org.eclipse.dltk.ast.declarations.MethodDeclaration.traverseChildNodes(MethodDeclaration.java:97)
	at org.eclipse.dltk.ast.declarations.MethodDeclaration.traverse(MethodDeclaration.java:71)
	at org.eclipse.dltk.ast.statements.Block.traverse(Block.java:43)
	at org.eclipse.dltk.ast.declarations.TypeDeclaration.traverse(TypeDeclaration.java:158)
	at org.eclipse.dltk.ast.statements.Block.traverse(Block.java:43)
	at org.eclipse.dltk.ast.declarations.ModuleDeclaration.traverse(ModuleDeclaration.java:71)
	at com.zend.php.semanticanalysis.internal.core.checks.UndeclaredVariableCheck.a(UndeclaredVariableCheck.java)
	at com.zend.php.semanticanalysis.internal.core.SemanticAnalysisBuilder.a(SemanticAnalysisBuilder.java)
	at com.zend.php.semanticanalysis.internal.core.SemanticAnalysisBuilder.build(SemanticAnalysisBuilder.java)
	at org.eclipse.dltk.internal.core.builder.ScriptBuilder.fullBuild(ScriptBuilder.java:433)
	at org.eclipse.dltk.internal.core.builder.ScriptBuilder.build(ScriptBuilder.java:168)
	at org.eclipse.core.internal.events.BuildManager$2.run(BuildManager.java:728)
	at org.eclipse.core.runtime.SafeRunner.run(SafeRunner.java:42)
	at org.eclipse.core.internal.events.BuildManager.basicBuild(BuildManager.java:199)
	at org.eclipse.core.internal.events.BuildManager.basicBuild(BuildManager.java:239)
	at org.eclipse.core.internal.events.BuildManager$1.run(BuildManager.java:292)
	at org.eclipse.core.runtime.SafeRunner.run(SafeRunner.java:42)
	at org.eclipse.core.internal.events.BuildManager.basicBuild(BuildManager.java:295)
	at org.eclipse.core.internal.events.BuildManager.basicBuildLoop(BuildManager.java:351)
	at org.eclipse.core.internal.events.BuildManager.build(BuildManager.java:374)
	at org.eclipse.core.internal.events.AutoBuildJob.doBuild(AutoBuildJob.java:143)
	at org.eclipse.core.internal.events.AutoBuildJob.run(AutoBuildJob.java:241)
	at org.eclipse.core.internal.jobs.Worker.run(Worker.java:54)

!ENTRY com.zend.php.semanticanalysis.core 4 10001 2014-01-02 21:46:06.465
!MESSAGE Plugin internal error
!STACK 0
java.lang.NullPointerException
	at com.zend.php.semanticanalysis.internal.core.checks.EVariableDeclarationSearcher.postProcess(EVariableDeclarationSearcher.java)
	at com.zend.php.semanticanalysis.internal.core.checks.UndeclaredVariableCheck$UndeclaredVarsSearcher.postProcess(UndeclaredVariableCheck.java)
	at org.eclipse.php.internal.core.typeinference.VariableDeclarationSearcher.visit(VariableDeclarationSearcher.java:161)
	at org.eclipse.php.internal.core.compiler.ast.nodes.PHPCallExpression.traverse(PHPCallExpression.java:37)
	at org.eclipse.php.internal.core.compiler.ast.nodes.InfixExpression.traverse(InfixExpression.java:149)
	at org.eclipse.php.internal.core.compiler.ast.nodes.IfStatement.traverse(IfStatement.java:54)
	at org.eclipse.dltk.ast.statements.Block.traverse(Block.java:43)
	at org.eclipse.php.internal.core.compiler.ast.nodes.IfStatement.traverse(IfStatement.java:55)
	at org.eclipse.dltk.ast.statements.Block.traverse(Block.java:43)
	at org.eclipse.dltk.ast.declarations.MethodDeclaration.traverseChildNodes(MethodDeclaration.java:97)
	at org.eclipse.dltk.ast.declarations.MethodDeclaration.traverse(MethodDeclaration.java:71)
	at org.eclipse.dltk.ast.statements.Block.traverse(Block.java:43)
	at org.eclipse.dltk.ast.declarations.TypeDeclaration.traverse(TypeDeclaration.java:158)
	at org.eclipse.dltk.ast.statements.Block.traverse(Block.java:43)
	at org.eclipse.dltk.ast.declarations.ModuleDeclaration.traverse(ModuleDeclaration.java:71)
	at com.zend.php.semanticanalysis.internal.core.checks.UndeclaredVariableCheck.a(UndeclaredVariableCheck.java)
	at com.zend.php.semanticanalysis.internal.core.SemanticAnalysisBuilder.a(SemanticAnalysisBuilder.java)
	at com.zend.php.semanticanalysis.internal.core.SemanticAnalysisBuilder.build(SemanticAnalysisBuilder.java)
	at org.eclipse.dltk.internal.core.builder.ScriptBuilder.fullBuild(ScriptBuilder.java:433)
	at org.eclipse.dltk.internal.core.builder.ScriptBuilder.build(ScriptBuilder.java:168)
	at org.eclipse.core.internal.events.BuildManager$2.run(BuildManager.java:728)
	at org.eclipse.core.runtime.SafeRunner.run(SafeRunner.java:42)
	at org.eclipse.core.internal.events.BuildManager.basicBuild(BuildManager.java:199)
	at org.eclipse.core.internal.events.BuildManager.basicBuild(BuildManager.java:239)
	at org.eclipse.core.internal.events.BuildManager$1.run(BuildManager.java:292)
	at org.eclipse.core.runtime.SafeRunner.run(SafeRunner.java:42)
	at org.eclipse.core.internal.events.BuildManager.basicBuild(BuildManager.java:295)
	at org.eclipse.core.internal.events.BuildManager.basicBuildLoop(BuildManager.java:351)
	at org.eclipse.core.internal.events.BuildManager.build(BuildManager.java:374)
	at org.eclipse.core.internal.events.AutoBuildJob.doBuild(AutoBuildJob.java:143)
	at org.eclipse.core.internal.events.AutoBuildJob.run(AutoBuildJob.java:241)
	at org.eclipse.core.internal.jobs.Worker.run(Worker.java:54)

!ENTRY com.zend.php.semanticanalysis.core 4 10001 2014-01-02 21:46:06.468
!MESSAGE Plugin internal error
!STACK 0
java.lang.NullPointerException
	at com.zend.php.semanticanalysis.internal.core.checks.EVariableDeclarationSearcher.postProcess(EVariableDeclarationSearcher.java)
	at com.zend.php.semanticanalysis.internal.core.checks.UndeclaredVariableCheck$UndeclaredVarsSearcher.postProcess(UndeclaredVariableCheck.java)
	at org.eclipse.php.internal.core.typeinference.VariableDeclarationSearcher.visit(VariableDeclarationSearcher.java:161)
	at org.eclipse.php.internal.core.compiler.ast.nodes.PHPCallExpression.traverse(PHPCallExpression.java:37)
	at org.eclipse.php.internal.core.compiler.ast.nodes.Assignment.traverse(Assignment.java:72)
	at org.eclipse.php.internal.core.compiler.ast.nodes.ExpressionStatement.traverse(ExpressionStatement.java:44)
	at org.eclipse.dltk.ast.statements.Block.traverse(Block.java:43)
	at org.eclipse.dltk.ast.declarations.MethodDeclaration.traverseChildNodes(MethodDeclaration.java:97)
	at org.eclipse.dltk.ast.declarations.MethodDeclaration.traverse(MethodDeclaration.java:71)
	at org.eclipse.dltk.ast.statements.Block.traverse(Block.java:43)
	at org.eclipse.dltk.ast.declarations.TypeDeclaration.traverse(TypeDeclaration.java:158)
	at org.eclipse.dltk.ast.statements.Block.traverse(Block.java:43)
	at org.eclipse.dltk.ast.declarations.ModuleDeclaration.traverse(ModuleDeclaration.java:71)
	at com.zend.php.semanticanalysis.internal.core.checks.UndeclaredVariableCheck.a(UndeclaredVariableCheck.java)
	at com.zend.php.semanticanalysis.internal.core.SemanticAnalysisBuilder.a(SemanticAnalysisBuilder.java)
	at com.zend.php.semanticanalysis.internal.core.SemanticAnalysisBuilder.build(SemanticAnalysisBuilder.java)
	at org.eclipse.dltk.internal.core.builder.ScriptBuilder.fullBuild(ScriptBuilder.java:433)
	at org.eclipse.dltk.internal.core.builder.ScriptBuilder.build(ScriptBuilder.java:168)
	at org.eclipse.core.internal.events.BuildManager$2.run(BuildManager.java:728)
	at org.eclipse.core.runtime.SafeRunner.run(SafeRunner.java:42)
	at org.eclipse.core.internal.events.BuildManager.basicBuild(BuildManager.java:199)
	at org.eclipse.core.internal.events.BuildManager.basicBuild(BuildManager.java:239)
	at org.eclipse.core.internal.events.BuildManager$1.run(BuildManager.java:292)
	at org.eclipse.core.runtime.SafeRunner.run(SafeRunner.java:42)
	at org.eclipse.core.internal.events.BuildManager.basicBuild(BuildManager.java:295)
	at org.eclipse.core.internal.events.BuildManager.basicBuildLoop(BuildManager.java:351)
	at org.eclipse.core.internal.events.BuildManager.build(BuildManager.java:374)
	at org.eclipse.core.internal.events.AutoBuildJob.doBuild(AutoBuildJob.java:143)
	at org.eclipse.core.internal.events.AutoBuildJob.run(AutoBuildJob.java:241)
	at org.eclipse.core.internal.jobs.Worker.run(Worker.java:54)

!ENTRY com.zend.php.semanticanalysis.core 4 10001 2014-01-02 21:46:06.510
!MESSAGE Plugin internal error
!STACK 0
java.lang.NullPointerException
	at com.zend.php.semanticanalysis.internal.core.checks.EVariableDeclarationSearcher.postProcess(EVariableDeclarationSearcher.java)
	at com.zend.php.semanticanalysis.internal.core.checks.UndeclaredVariableCheck$UndeclaredVarsSearcher.postProcess(UndeclaredVariableCheck.java)
	at org.eclipse.php.internal.core.typeinference.VariableDeclarationSearcher.visit(VariableDeclarationSearcher.java:161)
	at org.eclipse.php.internal.core.compiler.ast.nodes.PHPCallExpression.traverse(PHPCallExpression.java:37)
	at org.eclipse.php.internal.core.compiler.ast.nodes.InfixExpression.traverse(InfixExpression.java:148)
	at org.eclipse.php.internal.core.compiler.ast.nodes.IfStatement.traverse(IfStatement.java:54)
	at org.eclipse.dltk.ast.statements.Block.traverse(Block.java:43)
	at org.eclipse.dltk.ast.declarations.MethodDeclaration.traverseChildNodes(MethodDeclaration.java:97)
	at org.eclipse.dltk.ast.declarations.MethodDeclaration.traverse(MethodDeclaration.java:71)
	at org.eclipse.dltk.ast.statements.Block.traverse(Block.java:43)
	at org.eclipse.dltk.ast.declarations.TypeDeclaration.traverse(TypeDeclaration.java:158)
	at org.eclipse.dltk.ast.statements.Block.traverse(Block.java:43)
	at org.eclipse.dltk.ast.declarations.ModuleDeclaration.traverse(ModuleDeclaration.java:71)
	at com.zend.php.semanticanalysis.internal.core.checks.UndeclaredVariableCheck.a(UndeclaredVariableCheck.java)
	at com.zend.php.semanticanalysis.internal.core.SemanticAnalysisBuilder.a(SemanticAnalysisBuilder.java)
	at com.zend.php.semanticanalysis.internal.core.SemanticAnalysisBuilder.build(SemanticAnalysisBuilder.java)
	at org.eclipse.dltk.internal.core.builder.ScriptBuilder.fullBuild(ScriptBuilder.java:433)
	at org.eclipse.dltk.internal.core.builder.ScriptBuilder.build(ScriptBuilder.java:168)
	at org.eclipse.core.internal.events.BuildManager$2.run(BuildManager.java:728)
	at org.eclipse.core.runtime.SafeRunner.run(SafeRunner.java:42)
	at org.eclipse.core.internal.events.BuildManager.basicBuild(BuildManager.java:199)
	at org.eclipse.core.internal.events.BuildManager.basicBuild(BuildManager.java:239)
	at org.eclipse.core.internal.events.BuildManager$1.run(BuildManager.java:292)
	at org.eclipse.core.runtime.SafeRunner.run(SafeRunner.java:42)
	at org.eclipse.core.internal.events.BuildManager.basicBuild(BuildManager.java:295)
	at org.eclipse.core.internal.events.BuildManager.basicBuildLoop(BuildManager.java:351)
	at org.eclipse.core.internal.events.BuildManager.build(BuildManager.java:374)
	at org.eclipse.core.internal.events.AutoBuildJob.doBuild(AutoBuildJob.java:143)
	at org.eclipse.core.internal.events.AutoBuildJob.run(AutoBuildJob.java:241)
	at org.eclipse.core.internal.jobs.Worker.run(Worker.java:54)

!ENTRY com.zend.php.semanticanalysis.core 4 10001 2014-01-02 21:46:06.511
!MESSAGE Plugin internal error
!STACK 0
java.lang.NullPointerException
	at com.zend.php.semanticanalysis.internal.core.checks.EVariableDeclarationSearcher.postProcess(EVariableDeclarationSearcher.java)
	at com.zend.php.semanticanalysis.internal.core.checks.UndeclaredVariableCheck$UndeclaredVarsSearcher.postProcess(UndeclaredVariableCheck.java)
	at org.eclipse.php.internal.core.typeinference.VariableDeclarationSearcher.visit(VariableDeclarationSearcher.java:161)
	at org.eclipse.php.internal.core.compiler.ast.nodes.PHPCallExpression.traverse(PHPCallExpression.java:37)
	at org.eclipse.php.internal.core.compiler.ast.nodes.InfixExpression.traverse(InfixExpression.java:149)
	at org.eclipse.php.internal.core.compiler.ast.nodes.IfStatement.traverse(IfStatement.java:54)
	at org.eclipse.dltk.ast.statements.Block.traverse(Block.java:43)
	at org.eclipse.dltk.ast.declarations.MethodDeclaration.traverseChildNodes(MethodDeclaration.java:97)
	at org.eclipse.dltk.ast.declarations.MethodDeclaration.traverse(MethodDeclaration.java:71)
	at org.eclipse.dltk.ast.statements.Block.traverse(Block.java:43)
	at org.eclipse.dltk.ast.declarations.TypeDeclaration.traverse(TypeDeclaration.java:158)
	at org.eclipse.dltk.ast.statements.Block.traverse(Block.java:43)
	at org.eclipse.dltk.ast.declarations.ModuleDeclaration.traverse(ModuleDeclaration.java:71)
	at com.zend.php.semanticanalysis.internal.core.checks.UndeclaredVariableCheck.a(UndeclaredVariableCheck.java)
	at com.zend.php.semanticanalysis.internal.core.SemanticAnalysisBuilder.a(SemanticAnalysisBuilder.java)
	at com.zend.php.semanticanalysis.internal.core.SemanticAnalysisBuilder.build(SemanticAnalysisBuilder.java)
	at org.eclipse.dltk.internal.core.builder.ScriptBuilder.fullBuild(ScriptBuilder.java:433)
	at org.eclipse.dltk.internal.core.builder.ScriptBuilder.build(ScriptBuilder.java:168)
	at org.eclipse.core.internal.events.BuildManager$2.run(BuildManager.java:728)
	at org.eclipse.core.runtime.SafeRunner.run(SafeRunner.java:42)
	at org.eclipse.core.internal.events.BuildManager.basicBuild(BuildManager.java:199)
	at org.eclipse.core.internal.events.BuildManager.basicBuild(BuildManager.java:239)
	at org.eclipse.core.internal.events.BuildManager$1.run(BuildManager.java:292)
	at org.eclipse.core.runtime.SafeRunner.run(SafeRunner.java:42)
	at org.eclipse.core.internal.events.BuildManager.basicBuild(BuildManager.java:295)
	at org.eclipse.core.internal.events.BuildManager.basicBuildLoop(BuildManager.java:351)
	at org.eclipse.core.internal.events.BuildManager.build(BuildManager.java:374)
	at org.eclipse.core.internal.events.AutoBuildJob.doBuild(AutoBuildJob.java:143)
	at org.eclipse.core.internal.events.AutoBuildJob.run(AutoBuildJob.java:241)
	at org.eclipse.core.internal.jobs.Worker.run(Worker.java:54)

!ENTRY com.zend.php.semanticanalysis.core 4 10001 2014-01-02 21:46:06.527
!MESSAGE Plugin internal error
!STACK 0
java.lang.NullPointerException
	at com.zend.php.semanticanalysis.internal.core.checks.EVariableDeclarationSearcher.postProcess(EVariableDeclarationSearcher.java)
	at com.zend.php.semanticanalysis.internal.core.checks.UndeclaredVariableCheck$UndeclaredVarsSearcher.postProcess(UndeclaredVariableCheck.java)
	at org.eclipse.php.internal.core.typeinference.VariableDeclarationSearcher.visit(VariableDeclarationSearcher.java:161)
	at org.eclipse.php.internal.core.compiler.ast.nodes.PHPCallExpression.traverse(PHPCallExpression.java:37)
	at org.eclipse.php.internal.core.compiler.ast.nodes.InfixExpression.traverse(InfixExpression.java:148)
	at org.eclipse.php.internal.core.compiler.ast.nodes.ArrayElement.traverse(ArrayElement.java:53)
	at org.eclipse.php.internal.core.compiler.ast.nodes.ArrayCreation.traverse(ArrayCreation.java:43)
	at org.eclipse.php.internal.core.compiler.ast.nodes.ArrayElement.traverse(ArrayElement.java:53)
	at org.eclipse.php.internal.core.compiler.ast.nodes.ArrayCreation.traverse(ArrayCreation.java:43)
	at org.eclipse.php.internal.core.compiler.ast.nodes.ReturnStatement.traverse(ReturnStatement.java:42)
	at org.eclipse.dltk.ast.statements.Block.traverse(Block.java:43)
	at org.eclipse.dltk.ast.declarations.ModuleDeclaration.traverse(ModuleDeclaration.java:71)
	at com.zend.php.semanticanalysis.internal.core.checks.UndeclaredVariableCheck.a(UndeclaredVariableCheck.java)
	at com.zend.php.semanticanalysis.internal.core.SemanticAnalysisBuilder.a(SemanticAnalysisBuilder.java)
	at com.zend.php.semanticanalysis.internal.core.SemanticAnalysisBuilder.build(SemanticAnalysisBuilder.java)
	at org.eclipse.dltk.internal.core.builder.ScriptBuilder.fullBuild(ScriptBuilder.java:433)
	at org.eclipse.dltk.internal.core.builder.ScriptBuilder.build(ScriptBuilder.java:168)
	at org.eclipse.core.internal.events.BuildManager$2.run(BuildManager.java:728)
	at org.eclipse.core.runtime.SafeRunner.run(SafeRunner.java:42)
	at org.eclipse.core.internal.events.BuildManager.basicBuild(BuildManager.java:199)
	at org.eclipse.core.internal.events.BuildManager.basicBuild(BuildManager.java:239)
	at org.eclipse.core.internal.events.BuildManager$1.run(BuildManager.java:292)
	at org.eclipse.core.runtime.SafeRunner.run(SafeRunner.java:42)
	at org.eclipse.core.internal.events.BuildManager.basicBuild(BuildManager.java:295)
	at org.eclipse.core.internal.events.BuildManager.basicBuildLoop(BuildManager.java:351)
	at org.eclipse.core.internal.events.BuildManager.build(BuildManager.java:374)
	at org.eclipse.core.internal.events.AutoBuildJob.doBuild(AutoBuildJob.java:143)
	at org.eclipse.core.internal.events.AutoBuildJob.run(AutoBuildJob.java:241)
	at org.eclipse.core.internal.jobs.Worker.run(Worker.java:54)

!ENTRY com.zend.php.semanticanalysis.core 4 10001 2014-01-02 21:46:06.528
!MESSAGE Plugin internal error
!STACK 0
java.lang.NullPointerException
	at com.zend.php.semanticanalysis.internal.core.checks.EVariableDeclarationSearcher.postProcess(EVariableDeclarationSearcher.java)
	at com.zend.php.semanticanalysis.internal.core.checks.UndeclaredVariableCheck$UndeclaredVarsSearcher.postProcess(UndeclaredVariableCheck.java)
	at org.eclipse.php.internal.core.typeinference.VariableDeclarationSearcher.visit(VariableDeclarationSearcher.java:161)
	at org.eclipse.php.internal.core.compiler.ast.nodes.PHPCallExpression.traverse(PHPCallExpression.java:37)
	at org.eclipse.php.internal.core.compiler.ast.nodes.InfixExpression.traverse(InfixExpression.java:148)
	at org.eclipse.php.internal.core.compiler.ast.nodes.ArrayElement.traverse(ArrayElement.java:53)
	at org.eclipse.php.internal.core.compiler.ast.nodes.ArrayCreation.traverse(ArrayCreation.java:43)
	at org.eclipse.php.internal.core.compiler.ast.nodes.ArrayElement.traverse(ArrayElement.java:53)
	at org.eclipse.php.internal.core.compiler.ast.nodes.ArrayCreation.traverse(ArrayCreation.java:43)
	at org.eclipse.php.internal.core.compiler.ast.nodes.ReturnStatement.traverse(ReturnStatement.java:42)
	at org.eclipse.dltk.ast.statements.Block.traverse(Block.java:43)
	at org.eclipse.dltk.ast.declarations.ModuleDeclaration.traverse(ModuleDeclaration.java:71)
	at com.zend.php.semanticanalysis.internal.core.checks.UndeclaredVariableCheck.a(UndeclaredVariableCheck.java)
	at com.zend.php.semanticanalysis.internal.core.SemanticAnalysisBuilder.a(SemanticAnalysisBuilder.java)
	at com.zend.php.semanticanalysis.internal.core.SemanticAnalysisBuilder.build(SemanticAnalysisBuilder.java)
	at org.eclipse.dltk.internal.core.builder.ScriptBuilder.fullBuild(ScriptBuilder.java:433)
	at org.eclipse.dltk.internal.core.builder.ScriptBuilder.build(ScriptBuilder.java:168)
	at org.eclipse.core.internal.events.BuildManager$2.run(BuildManager.java:728)
	at org.eclipse.core.runtime.SafeRunner.run(SafeRunner.java:42)
	at org.eclipse.core.internal.events.BuildManager.basicBuild(BuildManager.java:199)
	at org.eclipse.core.internal.events.BuildManager.basicBuild(BuildManager.java:239)
	at org.eclipse.core.internal.events.BuildManager$1.run(BuildManager.java:292)
	at org.eclipse.core.runtime.SafeRunner.run(SafeRunner.java:42)
	at org.eclipse.core.internal.events.BuildManager.basicBuild(BuildManager.java:295)
	at org.eclipse.core.internal.events.BuildManager.basicBuildLoop(BuildManager.java:351)
	at org.eclipse.core.internal.events.BuildManager.build(BuildManager.java:374)
	at org.eclipse.core.internal.events.AutoBuildJob.doBuild(AutoBuildJob.java:143)
	at org.eclipse.core.internal.events.AutoBuildJob.run(AutoBuildJob.java:241)
	at org.eclipse.core.internal.jobs.Worker.run(Worker.java:54)
!SESSION 2014-01-02 21:46:10.622 -----------------------------------------------
eclipse.buildId=unknown
java.version=1.6.0_18
java.vendor=Sun Microsystems Inc.
BootLoader constants: OS=win32, ARCH=x86, WS=win32, NL=zh_CN
Framework arguments:  -showlocation -showlocation
Command-line arguments:  -os win32 -ws win32 -arch x86 -showlocation -data E:\workspace_php\wekefu -showlocation

!ENTRY org.eclipse.jface 2 0 2014-01-02 21:46:15.559
!MESSAGE Keybinding conflicts occurred.  They may interfere with normal accelerator operation.
!SUBENTRY 1 org.eclipse.jface 2 0 2014-01-02 21:46:15.559
!MESSAGE A conflict occurred for CTRL+SHIFT+I:
Binding(CTRL+SHIFT+I,
	ParameterizedCommand(Command(org.eclipse.jdt.debug.ui.commands.Inspect,Inspect,
		Inspect result of evaluating selected text,
		Category(org.eclipse.debug.ui.category.run,Run/Debug,Run/Debug command category,true),
		,
		,,true),null),
	org.eclipse.ui.defaultAcceleratorConfiguration,
	org.eclipse.ui.contexts.dialogAndWindow,,,system)
Binding(CTRL+SHIFT+I,
	ParameterizedCommand(Command(org.eclipse.php.debug.ui.commands.Inspect,Inspect,
		Inspect result of evaluating selected text,
		Category(org.eclipse.debug.ui.category.run,Run/Debug,Run/Debug command category,true),
		,
		,,true),null),
	org.eclipse.ui.defaultAcceleratorConfiguration,
	org.eclipse.ui.contexts.dialogAndWindow,,,system)

!ENTRY org.eclipse.dltk.core 2 0 2014-01-02 21:46:15.695
!MESSAGE Error decoding problem idenfier "16777528"

!ENTRY org.eclipse.osgi 2 1 2014-01-02 21:46:15.805
!MESSAGE NLS missing message: CreateProjectWorkspaceJob_1 in: com.zend.php.remoteproject.internal.ui.wizard.messages

!ENTRY org.eclipse.ui.workbench 2 0 2014-01-02 21:51:23.861
!MESSAGE A handler conflict occurred.  This may disable some commands.
!SUBENTRY 1 org.eclipse.ui.workbench 2 0 2014-01-02 21:51:23.861
!MESSAGE Conflict for 'org.eclipse.dltk.ui.edit.text.script.refactor.quickMenu':
HandlerActivation(commandId=org.eclipse.dltk.ui.edit.text.script.refactor.quickMenu,
	handler=org.eclipse.dltk.internal.ui.actions.refactoring.RefactorActionGroup$3@168cef6,
	expression=AndExpression(ActivePartExpression(org.eclipse.php.internal.ui.explorer.PHPExplorerPart@1d66aa9),WorkbenchWindowExpression(org.eclipse.ui.internal.WorkbenchWindow@143724e)),sourcePriority=1064960)
HandlerActivation(commandId=org.eclipse.dltk.ui.edit.text.script.refactor.quickMenu,
	handler=org.eclipse.dltk.internal.ui.actions.refactoring.RefactorActionGroup$3@1eb9b0d,
	expression=AndExpression(ActivePartExpression(org.eclipse.php.internal.ui.explorer.PHPExplorerPart@1d66aa9),WorkbenchWindowExpression(org.eclipse.ui.internal.WorkbenchWindow@143724e)),sourcePriority=1064960)

!ENTRY org.eclipse.ui 4 4 2014-01-02 21:51:28.432
!MESSAGE Invalid preference page path: Browser

!ENTRY org.eclipse.ui 4 4 2014-01-02 21:51:28.432
!MESSAGE Invalid preference page path: Rhino

!ENTRY org.eclipse.jface 4 0 2014-01-02 21:53:02.188
!MESSAGE Undefined context while filtering dialog/window contexts
!STACK 0
org.eclipse.core.commands.common.NotDefinedException: Cannot get the parent identifier from an undefined context. org.eclipse.php.ui.contexts.window
	at org.eclipse.core.commands.contexts.Context.getParentId(Context.java:201)
	at org.eclipse.jface.bindings.BindingManager.createFilteredContextTreeFor(BindingManager.java:825)
	at org.eclipse.jface.bindings.BindingManager.recomputeBindings(BindingManager.java:1721)
	at org.eclipse.jface.bindings.BindingManager.contextManagerChanged(BindingManager.java:689)
	at org.eclipse.core.commands.contexts.ContextManager.fireContextManagerChanged(ContextManager.java:165)
	at org.eclipse.core.commands.contexts.ContextManager.setEventCaching(ContextManager.java:324)
	at org.eclipse.core.commands.contexts.ContextManager.deferUpdates(ContextManager.java:83)
	at org.eclipse.ui.internal.contexts.ContextAuthority.sourceChanged(ContextAuthority.java:673)
	at org.eclipse.ui.internal.services.ExpressionAuthority.sourceChanged(ExpressionAuthority.java:310)
	at org.eclipse.ui.internal.services.ExpressionAuthority.sourceChanged(ExpressionAuthority.java:290)
	at org.eclipse.ui.AbstractSourceProvider.fireSourceChanged(AbstractSourceProvider.java:99)
	at org.eclipse.ui.internal.services.WorkbenchSourceProvider.checkActivePart(WorkbenchSourceProvider.java:401)
	at org.eclipse.ui.internal.services.WorkbenchSourceProvider.checkActivePart(WorkbenchSourceProvider.java:300)
	at org.eclipse.ui.internal.services.WorkbenchSourceProvider$1.partDeactivated(WorkbenchSourceProvider.java:247)
	at org.eclipse.ui.internal.PartListenerList$4.run(PartListenerList.java:117)
	at org.eclipse.core.runtime.SafeRunner.run(SafeRunner.java:42)
	at org.eclipse.core.runtime.Platform.run(Platform.java:888)
	at org.eclipse.ui.internal.PartListenerList.fireEvent(PartListenerList.java:57)
	at org.eclipse.ui.internal.PartListenerList.firePartDeactivated(PartListenerList.java:115)
	at org.eclipse.ui.internal.PartService.firePartDeactivated(PartService.java:238)
	at org.eclipse.ui.internal.PartService.setActivePart(PartService.java:300)
	at org.eclipse.ui.internal.WWinPartService.updateActivePart(WWinPartService.java:134)
	at org.eclipse.ui.internal.WWinPartService.access$0(WWinPartService.java:125)
	at org.eclipse.ui.internal.WWinPartService$WWinListener.partDeactivated(WWinPartService.java:50)
	at org.eclipse.ui.internal.PartListenerList2$4.run(PartListenerList2.java:115)
	at org.eclipse.core.runtime.SafeRunner.run(SafeRunner.java:42)
	at org.eclipse.core.runtime.Platform.run(Platform.java:888)
	at org.eclipse.ui.internal.PartListenerList2.fireEvent(PartListenerList2.java:55)
	at org.eclipse.ui.internal.PartListenerList2.firePartDeactivated(PartListenerList2.java:113)
	at org.eclipse.ui.internal.PartService.firePartDeactivated(PartService.java:242)
	at org.eclipse.ui.internal.PartService.setActivePart(PartService.java:300)
	at org.eclipse.ui.internal.WorkbenchPagePartList.fireActivePartChanged(WorkbenchPagePartList.java:57)
	at org.eclipse.ui.internal.PartList.setActivePart(PartList.java:136)
	at org.eclipse.ui.internal.WorkbenchPage.setActivePart(WorkbenchPage.java:3636)
	at org.eclipse.ui.internal.WorkbenchPage.internalActivate(WorkbenchPage.java:691)
	at org.eclipse.ui.internal.WorkbenchPage.activate(WorkbenchPage.java:663)
	at org.eclipse.ui.internal.WorkbenchPage.busyShowView(WorkbenchPage.java:1170)
	at org.eclipse.ui.internal.WorkbenchPage.busyShowView(WorkbenchPage.java:1147)
	at org.eclipse.ui.internal.WorkbenchPage$20.run(WorkbenchPage.java:3921)
	at org.eclipse.swt.custom.BusyIndicator.showWhile(BusyIndicator.java:70)
	at org.eclipse.ui.internal.WorkbenchPage.showView(WorkbenchPage.java:3918)
	at org.eclipse.ui.handlers.ShowViewHandler.openView(ShowViewHandler.java:162)
	at org.eclipse.ui.handlers.ShowViewHandler.execute(ShowViewHandler.java:76)
	at org.eclipse.ui.internal.handlers.HandlerProxy.execute(HandlerProxy.java:293)
	at org.eclipse.core.commands.Command.executeWithChecks(Command.java:476)
	at org.eclipse.core.commands.ParameterizedCommand.executeWithChecks(ParameterizedCommand.java:508)
	at org.eclipse.ui.internal.handlers.HandlerService.executeCommand(HandlerService.java:169)
	at org.eclipse.ui.internal.handlers.SlaveHandlerService.executeCommand(SlaveHandlerService.java:241)
	at org.eclipse.ui.menus.CommandContributionItem.handleWidgetSelection(CommandContributionItem.java:829)
	at org.eclipse.ui.menus.CommandContributionItem.access$19(CommandContributionItem.java:815)
	at org.eclipse.ui.menus.CommandContributionItem$5.handleEvent(CommandContributionItem.java:805)
	at org.eclipse.swt.widgets.EventTable.sendEvent(EventTable.java:84)
	at org.eclipse.swt.widgets.Widget.sendEvent(Widget.java:1053)
	at org.eclipse.swt.widgets.Display.runDeferredEvents(Display.java:4165)
	at org.eclipse.swt.widgets.Display.readAndDispatch(Display.java:3754)
	at org.eclipse.ui.internal.Workbench.runEventLoop(Workbench.java:2696)
	at org.eclipse.ui.internal.Workbench.runUI(Workbench.java:2660)
	at org.eclipse.ui.internal.Workbench.access$4(Workbench.java:2494)
	at org.eclipse.ui.internal.Workbench$7.run(Workbench.java:674)
	at org.eclipse.core.databinding.observable.Realm.runWithDefault(Realm.java:332)
	at org.eclipse.ui.internal.Workbench.createAndRunWorkbench(Workbench.java:667)
	at org.eclipse.ui.PlatformUI.createAndRunWorkbench(PlatformUI.java:149)
	at org.eclipse.ui.internal.ide.application.IDEApplication.start(IDEApplication.java:123)
	at org.eclipse.equinox.internal.app.EclipseAppHandle.run(EclipseAppHandle.java:196)
	at org.eclipse.core.runtime.internal.adaptor.EclipseAppLauncher.runApplication(EclipseAppLauncher.java:110)
	at org.eclipse.core.runtime.internal.adaptor.EclipseAppLauncher.start(EclipseAppLauncher.java:79)
	at org.eclipse.core.runtime.adaptor.EclipseStarter.run(EclipseStarter.java:344)
	at org.eclipse.core.runtime.adaptor.EclipseStarter.run(EclipseStarter.java:179)
	at sun.reflect.NativeMethodAccessorImpl.invoke0(Native Method)
	at sun.reflect.NativeMethodAccessorImpl.invoke(Unknown Source)
	at sun.reflect.DelegatingMethodAccessorImpl.invoke(Unknown Source)
	at java.lang.reflect.Method.invoke(Unknown Source)
	at org.eclipse.equinox.launcher.Main.invokeFramework(Main.java:622)
	at org.eclipse.equinox.launcher.Main.basicRun(Main.java:577)
	at org.eclipse.equinox.launcher.Main.run(Main.java:1410)
!SESSION 2014-01-02 21:53:39.292 -----------------------------------------------
eclipse.buildId=unknown
java.version=1.6.0_18
java.vendor=Sun Microsystems Inc.
BootLoader constants: OS=win32, ARCH=x86, WS=win32, NL=zh_CN
Framework arguments:  -showlocation -showlocation
Command-line arguments:  -os win32 -ws win32 -arch x86 -showlocation -data E:\workspace_php\wekefu -showlocation

!ENTRY org.eclipse.jface 2 0 2014-01-02 21:53:44.338
!MESSAGE Keybinding conflicts occurred.  They may interfere with normal accelerator operation.
!SUBENTRY 1 org.eclipse.jface 2 0 2014-01-02 21:53:44.338
!MESSAGE A conflict occurred for CTRL+SHIFT+I:
Binding(CTRL+SHIFT+I,
	ParameterizedCommand(Command(org.eclipse.jdt.debug.ui.commands.Inspect,Inspect,
		Inspect result of evaluating selected text,
		Category(org.eclipse.debug.ui.category.run,Run/Debug,Run/Debug command category,true),
		,
		,,true),null),
	org.eclipse.ui.defaultAcceleratorConfiguration,
	org.eclipse.ui.contexts.dialogAndWindow,,,system)
Binding(CTRL+SHIFT+I,
	ParameterizedCommand(Command(org.eclipse.php.debug.ui.commands.Inspect,Inspect,
		Inspect result of evaluating selected text,
		Category(org.eclipse.debug.ui.category.run,Run/Debug,Run/Debug command category,true),
		,
		,,true),null),
	org.eclipse.ui.defaultAcceleratorConfiguration,
	org.eclipse.ui.contexts.dialogAndWindow,,,system)

!ENTRY org.eclipse.dltk.core 2 0 2014-01-02 21:53:44.488
!MESSAGE Error decoding problem idenfier "16777528"

!ENTRY org.eclipse.osgi 2 1 2014-01-02 21:53:45.011
!MESSAGE NLS missing message: CreateProjectWorkspaceJob_1 in: com.zend.php.remoteproject.internal.ui.wizard.messages

!ENTRY org.eclipse.ui 4 4 2014-01-02 21:54:19.400
!MESSAGE Invalid preference page path: Browser

!ENTRY org.eclipse.ui 4 4 2014-01-02 21:54:19.401
!MESSAGE Invalid preference page path: Rhino
!SESSION 2014-01-02 21:55:07.284 -----------------------------------------------
eclipse.buildId=unknown
java.version=1.6.0_18
java.vendor=Sun Microsystems Inc.
BootLoader constants: OS=win32, ARCH=x86, WS=win32, NL=zh_CN
Framework arguments:  -showlocation -showlocation
Command-line arguments:  -os win32 -ws win32 -arch x86 -showlocation -data E:\workspace_php\ -showlocation

!ENTRY org.eclipse.jface 2 0 2014-01-02 21:55:12.142
!MESSAGE Keybinding conflicts occurred.  They may interfere with normal accelerator operation.
!SUBENTRY 1 org.eclipse.jface 2 0 2014-01-02 21:55:12.142
!MESSAGE A conflict occurred for CTRL+SHIFT+I:
Binding(CTRL+SHIFT+I,
	ParameterizedCommand(Command(org.eclipse.jdt.debug.ui.commands.Inspect,Inspect,
		Inspect result of evaluating selected text,
		Category(org.eclipse.debug.ui.category.run,Run/Debug,Run/Debug command category,true),
		,
		,,true),null),
	org.eclipse.ui.defaultAcceleratorConfiguration,
	org.eclipse.ui.contexts.dialogAndWindow,,,system)
Binding(CTRL+SHIFT+I,
	ParameterizedCommand(Command(org.eclipse.php.debug.ui.commands.Inspect,Inspect,
		Inspect result of evaluating selected text,
		Category(org.eclipse.debug.ui.category.run,Run/Debug,Run/Debug command category,true),
		,
		,,true),null),
	org.eclipse.ui.defaultAcceleratorConfiguration,
	org.eclipse.ui.contexts.dialogAndWindow,,,system)

!ENTRY org.eclipse.osgi 2 1 2014-01-02 21:55:12.489
!MESSAGE NLS missing message: CreateProjectWorkspaceJob_1 in: com.zend.php.remoteproject.internal.ui.wizard.messages

!ENTRY org.eclipse.ui.workbench 2 0 2014-01-02 21:55:13.433
!MESSAGE A handler conflict occurred.  This may disable some commands.
!SUBENTRY 1 org.eclipse.ui.workbench 2 0 2014-01-02 21:55:13.433
!MESSAGE Conflict for 'org.eclipse.dltk.ui.edit.text.script.refactor.quickMenu':
HandlerActivation(commandId=org.eclipse.dltk.ui.edit.text.script.refactor.quickMenu,
	handler=org.eclipse.dltk.internal.ui.actions.refactoring.RefactorActionGroup$3@17f493,
	expression=AndExpression(ActivePartExpression(org.eclipse.php.internal.ui.explorer.PHPExplorerPart@5c0f8f),WorkbenchWindowExpression(org.eclipse.ui.internal.WorkbenchWindow@1384ed5)),sourcePriority=1064960)
HandlerActivation(commandId=org.eclipse.dltk.ui.edit.text.script.refactor.quickMenu,
	handler=org.eclipse.dltk.internal.ui.actions.refactoring.RefactorActionGroup$3@b9fcb0,
	expression=AndExpression(ActivePartExpression(org.eclipse.php.internal.ui.explorer.PHPExplorerPart@5c0f8f),WorkbenchWindowExpression(org.eclipse.ui.internal.WorkbenchWindow@1384ed5)),sourcePriority=1064960)

!ENTRY com.zend.php.semanticanalysis.core 4 10001 2014-01-02 21:55:20.666
!MESSAGE Plugin internal error
!STACK 0
java.lang.NullPointerException
	at com.zend.php.semanticanalysis.internal.core.checks.EVariableDeclarationSearcher.postProcess(EVariableDeclarationSearcher.java)
	at com.zend.php.semanticanalysis.internal.core.checks.UndeclaredVariableCheck$UndeclaredVarsSearcher.postProcess(UndeclaredVariableCheck.java)
	at org.eclipse.php.internal.core.typeinference.VariableDeclarationSearcher.visit(VariableDeclarationSearcher.java:161)
	at org.eclipse.php.internal.core.compiler.ast.nodes.PHPCallExpression.traverse(PHPCallExpression.java:37)
	at org.eclipse.php.internal.core.compiler.ast.nodes.ExpressionStatement.traverse(ExpressionStatement.java:44)
	at org.eclipse.dltk.ast.statements.Block.traverse(Block.java:43)
	at org.eclipse.dltk.ast.declarations.MethodDeclaration.traverseChildNodes(MethodDeclaration.java:97)
	at org.eclipse.dltk.ast.declarations.MethodDeclaration.traverse(MethodDeclaration.java:71)
	at org.eclipse.dltk.ast.statements.Block.traverse(Block.java:43)
	at org.eclipse.dltk.ast.declarations.TypeDeclaration.traverse(TypeDeclaration.java:158)
	at org.eclipse.dltk.ast.statements.Block.traverse(Block.java:43)
	at org.eclipse.dltk.ast.declarations.ModuleDeclaration.traverse(ModuleDeclaration.java:71)
	at com.zend.php.semanticanalysis.internal.core.checks.UndeclaredVariableCheck.a(UndeclaredVariableCheck.java)
	at com.zend.php.semanticanalysis.internal.core.SemanticAnalysisBuilder.a(SemanticAnalysisBuilder.java)
	at com.zend.php.semanticanalysis.internal.core.SemanticAnalysisBuilder.build(SemanticAnalysisBuilder.java)
	at org.eclipse.dltk.internal.core.builder.ScriptBuilder.fullBuild(ScriptBuilder.java:433)
	at org.eclipse.dltk.internal.core.builder.ScriptBuilder.build(ScriptBuilder.java:153)
	at org.eclipse.core.internal.events.BuildManager$2.run(BuildManager.java:728)
	at org.eclipse.core.runtime.SafeRunner.run(SafeRunner.java:42)
	at org.eclipse.core.internal.events.BuildManager.basicBuild(BuildManager.java:199)
	at org.eclipse.core.internal.events.BuildManager.basicBuild(BuildManager.java:239)
	at org.eclipse.core.internal.events.BuildManager$1.run(BuildManager.java:292)
	at org.eclipse.core.runtime.SafeRunner.run(SafeRunner.java:42)
	at org.eclipse.core.internal.events.BuildManager.basicBuild(BuildManager.java:295)
	at org.eclipse.core.internal.events.BuildManager.basicBuildLoop(BuildManager.java:351)
	at org.eclipse.core.internal.events.BuildManager.build(BuildManager.java:374)
	at org.eclipse.core.internal.events.AutoBuildJob.doBuild(AutoBuildJob.java:143)
	at org.eclipse.core.internal.events.AutoBuildJob.run(AutoBuildJob.java:241)
	at org.eclipse.core.internal.jobs.Worker.run(Worker.java:54)

!ENTRY com.zend.php.semanticanalysis.core 4 10001 2014-01-02 21:55:20.666
!MESSAGE Plugin internal error
!STACK 0
java.lang.NullPointerException
	at com.zend.php.semanticanalysis.internal.core.checks.EVariableDeclarationSearcher.postProcess(EVariableDeclarationSearcher.java)
	at com.zend.php.semanticanalysis.internal.core.checks.UndeclaredVariableCheck$UndeclaredVarsSearcher.postProcess(UndeclaredVariableCheck.java)
	at org.eclipse.php.internal.core.typeinference.VariableDeclarationSearcher.visit(VariableDeclarationSearcher.java:161)
	at org.eclipse.php.internal.core.compiler.ast.nodes.PHPCallExpression.traverse(PHPCallExpression.java:37)
	at org.eclipse.php.internal.core.compiler.ast.nodes.ExpressionStatement.traverse(ExpressionStatement.java:44)
	at org.eclipse.dltk.ast.statements.Block.traverse(Block.java:43)
	at org.eclipse.dltk.ast.declarations.MethodDeclaration.traverseChildNodes(MethodDeclaration.java:97)
	at org.eclipse.dltk.ast.declarations.MethodDeclaration.traverse(MethodDeclaration.java:71)
	at org.eclipse.dltk.ast.statements.Block.traverse(Block.java:43)
	at org.eclipse.dltk.ast.declarations.TypeDeclaration.traverse(TypeDeclaration.java:158)
	at org.eclipse.dltk.ast.statements.Block.traverse(Block.java:43)
	at org.eclipse.dltk.ast.declarations.ModuleDeclaration.traverse(ModuleDeclaration.java:71)
	at com.zend.php.semanticanalysis.internal.core.checks.UndeclaredVariableCheck.a(UndeclaredVariableCheck.java)
	at com.zend.php.semanticanalysis.internal.core.SemanticAnalysisBuilder.a(SemanticAnalysisBuilder.java)
	at com.zend.php.semanticanalysis.internal.core.SemanticAnalysisBuilder.build(SemanticAnalysisBuilder.java)
	at org.eclipse.dltk.internal.core.builder.ScriptBuilder.fullBuild(ScriptBuilder.java:433)
	at org.eclipse.dltk.internal.core.builder.ScriptBuilder.build(ScriptBuilder.java:153)
	at org.eclipse.core.internal.events.BuildManager$2.run(BuildManager.java:728)
	at org.eclipse.core.runtime.SafeRunner.run(SafeRunner.java:42)
	at org.eclipse.core.internal.events.BuildManager.basicBuild(BuildManager.java:199)
	at org.eclipse.core.internal.events.BuildManager.basicBuild(BuildManager.java:239)
	at org.eclipse.core.internal.events.BuildManager$1.run(BuildManager.java:292)
	at org.eclipse.core.runtime.SafeRunner.run(SafeRunner.java:42)
	at org.eclipse.core.internal.events.BuildManager.basicBuild(BuildManager.java:295)
	at org.eclipse.core.internal.events.BuildManager.basicBuildLoop(BuildManager.java:351)
	at org.eclipse.core.internal.events.BuildManager.build(BuildManager.java:374)
	at org.eclipse.core.internal.events.AutoBuildJob.doBuild(AutoBuildJob.java:143)
	at org.eclipse.core.internal.events.AutoBuildJob.run(AutoBuildJob.java:241)
	at org.eclipse.core.internal.jobs.Worker.run(Worker.java:54)

!ENTRY com.zend.php.semanticanalysis.core 4 10001 2014-01-02 21:55:20.669
!MESSAGE Plugin internal error
!STACK 0
java.lang.NullPointerException
	at com.zend.php.semanticanalysis.internal.core.checks.EVariableDeclarationSearcher.postProcess(EVariableDeclarationSearcher.java)
	at com.zend.php.semanticanalysis.internal.core.checks.UndeclaredVariableCheck$UndeclaredVarsSearcher.postProcess(UndeclaredVariableCheck.java)
	at org.eclipse.php.internal.core.typeinference.VariableDeclarationSearcher.visit(VariableDeclarationSearcher.java:161)
	at org.eclipse.php.internal.core.compiler.ast.nodes.PHPCallExpression.traverse(PHPCallExpression.java:37)
	at org.eclipse.php.internal.core.compiler.ast.nodes.InfixExpression.traverse(InfixExpression.java:149)
	at org.eclipse.php.internal.core.compiler.ast.nodes.IfStatement.traverse(IfStatement.java:54)
	at org.eclipse.dltk.ast.statements.Block.traverse(Block.java:43)
	at org.eclipse.dltk.ast.declarations.MethodDeclaration.traverseChildNodes(MethodDeclaration.java:97)
	at org.eclipse.dltk.ast.declarations.MethodDeclaration.traverse(MethodDeclaration.java:71)
	at org.eclipse.dltk.ast.statements.Block.traverse(Block.java:43)
	at org.eclipse.dltk.ast.declarations.TypeDeclaration.traverse(TypeDeclaration.java:158)
	at org.eclipse.dltk.ast.statements.Block.traverse(Block.java:43)
	at org.eclipse.dltk.ast.declarations.ModuleDeclaration.traverse(ModuleDeclaration.java:71)
	at com.zend.php.semanticanalysis.internal.core.checks.UndeclaredVariableCheck.a(UndeclaredVariableCheck.java)
	at com.zend.php.semanticanalysis.internal.core.SemanticAnalysisBuilder.a(SemanticAnalysisBuilder.java)
	at com.zend.php.semanticanalysis.internal.core.SemanticAnalysisBuilder.build(SemanticAnalysisBuilder.java)
	at org.eclipse.dltk.internal.core.builder.ScriptBuilder.fullBuild(ScriptBuilder.java:433)
	at org.eclipse.dltk.internal.core.builder.ScriptBuilder.build(ScriptBuilder.java:153)
	at org.eclipse.core.internal.events.BuildManager$2.run(BuildManager.java:728)
	at org.eclipse.core.runtime.SafeRunner.run(SafeRunner.java:42)
	at org.eclipse.core.internal.events.BuildManager.basicBuild(BuildManager.java:199)
	at org.eclipse.core.internal.events.BuildManager.basicBuild(BuildManager.java:239)
	at org.eclipse.core.internal.events.BuildManager$1.run(BuildManager.java:292)
	at org.eclipse.core.runtime.SafeRunner.run(SafeRunner.java:42)
	at org.eclipse.core.internal.events.BuildManager.basicBuild(BuildManager.java:295)
	at org.eclipse.core.internal.events.BuildManager.basicBuildLoop(BuildManager.java:351)
	at org.eclipse.core.internal.events.BuildManager.build(BuildManager.java:374)
	at org.eclipse.core.internal.events.AutoBuildJob.doBuild(AutoBuildJob.java:143)
	at org.eclipse.core.internal.events.AutoBuildJob.run(AutoBuildJob.java:241)
	at org.eclipse.core.internal.jobs.Worker.run(Worker.java:54)

!ENTRY com.zend.php.semanticanalysis.core 4 10001 2014-01-02 21:55:20.680
!MESSAGE Plugin internal error
!STACK 0
java.lang.NullPointerException
	at com.zend.php.semanticanalysis.internal.core.checks.EVariableDeclarationSearcher.postProcess(EVariableDeclarationSearcher.java)
	at com.zend.php.semanticanalysis.internal.core.checks.UndeclaredVariableCheck$UndeclaredVarsSearcher.postProcess(UndeclaredVariableCheck.java)
	at org.eclipse.php.internal.core.typeinference.VariableDeclarationSearcher.visit(VariableDeclarationSearcher.java:161)
	at org.eclipse.php.internal.core.compiler.ast.nodes.PHPCallExpression.traverse(PHPCallExpression.java:37)
	at org.eclipse.php.internal.core.compiler.ast.nodes.InfixExpression.traverse(InfixExpression.java:149)
	at org.eclipse.php.internal.core.compiler.ast.nodes.IfStatement.traverse(IfStatement.java:54)
	at org.eclipse.dltk.ast.statements.Block.traverse(Block.java:43)
	at org.eclipse.php.internal.core.compiler.ast.nodes.IfStatement.traverse(IfStatement.java:55)
	at org.eclipse.dltk.ast.statements.Block.traverse(Block.java:43)
	at org.eclipse.dltk.ast.declarations.MethodDeclaration.traverseChildNodes(MethodDeclaration.java:97)
	at org.eclipse.dltk.ast.declarations.MethodDeclaration.traverse(MethodDeclaration.java:71)
	at org.eclipse.dltk.ast.statements.Block.traverse(Block.java:43)
	at org.eclipse.dltk.ast.declarations.TypeDeclaration.traverse(TypeDeclaration.java:158)
	at org.eclipse.dltk.ast.statements.Block.traverse(Block.java:43)
	at org.eclipse.dltk.ast.declarations.ModuleDeclaration.traverse(ModuleDeclaration.java:71)
	at com.zend.php.semanticanalysis.internal.core.checks.UndeclaredVariableCheck.a(UndeclaredVariableCheck.java)
	at com.zend.php.semanticanalysis.internal.core.SemanticAnalysisBuilder.a(SemanticAnalysisBuilder.java)
	at com.zend.php.semanticanalysis.internal.core.SemanticAnalysisBuilder.build(SemanticAnalysisBuilder.java)
	at org.eclipse.dltk.internal.core.builder.ScriptBuilder.fullBuild(ScriptBuilder.java:433)
	at org.eclipse.dltk.internal.core.builder.ScriptBuilder.build(ScriptBuilder.java:153)
	at org.eclipse.core.internal.events.BuildManager$2.run(BuildManager.java:728)
	at org.eclipse.core.runtime.SafeRunner.run(SafeRunner.java:42)
	at org.eclipse.core.internal.events.BuildManager.basicBuild(BuildManager.java:199)
	at org.eclipse.core.internal.events.BuildManager.basicBuild(BuildManager.java:239)
	at org.eclipse.core.internal.events.BuildManager$1.run(BuildManager.java:292)
	at org.eclipse.core.runtime.SafeRunner.run(SafeRunner.java:42)
	at org.eclipse.core.internal.events.BuildManager.basicBuild(BuildManager.java:295)
	at org.eclipse.core.internal.events.BuildManager.basicBuildLoop(BuildManager.java:351)
	at org.eclipse.core.internal.events.BuildManager.build(BuildManager.java:374)
	at org.eclipse.core.internal.events.AutoBuildJob.doBuild(AutoBuildJob.java:143)
	at org.eclipse.core.internal.events.AutoBuildJob.run(AutoBuildJob.java:241)
	at org.eclipse.core.internal.jobs.Worker.run(Worker.java:54)

!ENTRY com.zend.php.semanticanalysis.core 4 10001 2014-01-02 21:55:20.682
!MESSAGE Plugin internal error
!STACK 0
java.lang.NullPointerException
	at com.zend.php.semanticanalysis.internal.core.checks.EVariableDeclarationSearcher.postProcess(EVariableDeclarationSearcher.java)
	at com.zend.php.semanticanalysis.internal.core.checks.UndeclaredVariableCheck$UndeclaredVarsSearcher.postProcess(UndeclaredVariableCheck.java)
	at org.eclipse.php.internal.core.typeinference.VariableDeclarationSearcher.visit(VariableDeclarationSearcher.java:161)
	at org.eclipse.php.internal.core.compiler.ast.nodes.PHPCallExpression.traverse(PHPCallExpression.java:37)
	at org.eclipse.php.internal.core.compiler.ast.nodes.Assignment.traverse(Assignment.java:72)
	at org.eclipse.php.internal.core.compiler.ast.nodes.ExpressionStatement.traverse(ExpressionStatement.java:44)
	at org.eclipse.dltk.ast.statements.Block.traverse(Block.java:43)
	at org.eclipse.dltk.ast.declarations.MethodDeclaration.traverseChildNodes(MethodDeclaration.java:97)
	at org.eclipse.dltk.ast.declarations.MethodDeclaration.traverse(MethodDeclaration.java:71)
	at org.eclipse.dltk.ast.statements.Block.traverse(Block.java:43)
	at org.eclipse.dltk.ast.declarations.TypeDeclaration.traverse(TypeDeclaration.java:158)
	at org.eclipse.dltk.ast.statements.Block.traverse(Block.java:43)
	at org.eclipse.dltk.ast.declarations.ModuleDeclaration.traverse(ModuleDeclaration.java:71)
	at com.zend.php.semanticanalysis.internal.core.checks.UndeclaredVariableCheck.a(UndeclaredVariableCheck.java)
	at com.zend.php.semanticanalysis.internal.core.SemanticAnalysisBuilder.a(SemanticAnalysisBuilder.java)
	at com.zend.php.semanticanalysis.internal.core.SemanticAnalysisBuilder.build(SemanticAnalysisBuilder.java)
	at org.eclipse.dltk.internal.core.builder.ScriptBuilder.fullBuild(ScriptBuilder.java:433)
	at org.eclipse.dltk.internal.core.builder.ScriptBuilder.build(ScriptBuilder.java:153)
	at org.eclipse.core.internal.events.BuildManager$2.run(BuildManager.java:728)
	at org.eclipse.core.runtime.SafeRunner.run(SafeRunner.java:42)
	at org.eclipse.core.internal.events.BuildManager.basicBuild(BuildManager.java:199)
	at org.eclipse.core.internal.events.BuildManager.basicBuild(BuildManager.java:239)
	at org.eclipse.core.internal.events.BuildManager$1.run(BuildManager.java:292)
	at org.eclipse.core.runtime.SafeRunner.run(SafeRunner.java:42)
	at org.eclipse.core.internal.events.BuildManager.basicBuild(BuildManager.java:295)
	at org.eclipse.core.internal.events.BuildManager.basicBuildLoop(BuildManager.java:351)
	at org.eclipse.core.internal.events.BuildManager.build(BuildManager.java:374)
	at org.eclipse.core.internal.events.AutoBuildJob.doBuild(AutoBuildJob.java:143)
	at org.eclipse.core.internal.events.AutoBuildJob.run(AutoBuildJob.java:241)
	at org.eclipse.core.internal.jobs.Worker.run(Worker.java:54)

!ENTRY com.zend.php.semanticanalysis.core 4 10001 2014-01-02 21:55:20.725
!MESSAGE Plugin internal error
!STACK 0
java.lang.NullPointerException
	at com.zend.php.semanticanalysis.internal.core.checks.EVariableDeclarationSearcher.postProcess(EVariableDeclarationSearcher.java)
	at com.zend.php.semanticanalysis.internal.core.checks.UndeclaredVariableCheck$UndeclaredVarsSearcher.postProcess(UndeclaredVariableCheck.java)
	at org.eclipse.php.internal.core.typeinference.VariableDeclarationSearcher.visit(VariableDeclarationSearcher.java:161)
	at org.eclipse.php.internal.core.compiler.ast.nodes.PHPCallExpression.traverse(PHPCallExpression.java:37)
	at org.eclipse.php.internal.core.compiler.ast.nodes.InfixExpression.traverse(InfixExpression.java:148)
	at org.eclipse.php.internal.core.compiler.ast.nodes.IfStatement.traverse(IfStatement.java:54)
	at org.eclipse.dltk.ast.statements.Block.traverse(Block.java:43)
	at org.eclipse.dltk.ast.declarations.MethodDeclaration.traverseChildNodes(MethodDeclaration.java:97)
	at org.eclipse.dltk.ast.declarations.MethodDeclaration.traverse(MethodDeclaration.java:71)
	at org.eclipse.dltk.ast.statements.Block.traverse(Block.java:43)
	at org.eclipse.dltk.ast.declarations.TypeDeclaration.traverse(TypeDeclaration.java:158)
	at org.eclipse.dltk.ast.statements.Block.traverse(Block.java:43)
	at org.eclipse.dltk.ast.declarations.ModuleDeclaration.traverse(ModuleDeclaration.java:71)
	at com.zend.php.semanticanalysis.internal.core.checks.UndeclaredVariableCheck.a(UndeclaredVariableCheck.java)
	at com.zend.php.semanticanalysis.internal.core.SemanticAnalysisBuilder.a(SemanticAnalysisBuilder.java)
	at com.zend.php.semanticanalysis.internal.core.SemanticAnalysisBuilder.build(SemanticAnalysisBuilder.java)
	at org.eclipse.dltk.internal.core.builder.ScriptBuilder.fullBuild(ScriptBuilder.java:433)
	at org.eclipse.dltk.internal.core.builder.ScriptBuilder.build(ScriptBuilder.java:153)
	at org.eclipse.core.internal.events.BuildManager$2.run(BuildManager.java:728)
	at org.eclipse.core.runtime.SafeRunner.run(SafeRunner.java:42)
	at org.eclipse.core.internal.events.BuildManager.basicBuild(BuildManager.java:199)
	at org.eclipse.core.internal.events.BuildManager.basicBuild(BuildManager.java:239)
	at org.eclipse.core.internal.events.BuildManager$1.run(BuildManager.java:292)
	at org.eclipse.core.runtime.SafeRunner.run(SafeRunner.java:42)
	at org.eclipse.core.internal.events.BuildManager.basicBuild(BuildManager.java:295)
	at org.eclipse.core.internal.events.BuildManager.basicBuildLoop(BuildManager.java:351)
	at org.eclipse.core.internal.events.BuildManager.build(BuildManager.java:374)
	at org.eclipse.core.internal.events.AutoBuildJob.doBuild(AutoBuildJob.java:143)
	at org.eclipse.core.internal.events.AutoBuildJob.run(AutoBuildJob.java:241)
	at org.eclipse.core.internal.jobs.Worker.run(Worker.java:54)

!ENTRY com.zend.php.semanticanalysis.core 4 10001 2014-01-02 21:55:20.726
!MESSAGE Plugin internal error
!STACK 0
java.lang.NullPointerException
	at com.zend.php.semanticanalysis.internal.core.checks.EVariableDeclarationSearcher.postProcess(EVariableDeclarationSearcher.java)
	at com.zend.php.semanticanalysis.internal.core.checks.UndeclaredVariableCheck$UndeclaredVarsSearcher.postProcess(UndeclaredVariableCheck.java)
	at org.eclipse.php.internal.core.typeinference.VariableDeclarationSearcher.visit(VariableDeclarationSearcher.java:161)
	at org.eclipse.php.internal.core.compiler.ast.nodes.PHPCallExpression.traverse(PHPCallExpression.java:37)
	at org.eclipse.php.internal.core.compiler.ast.nodes.InfixExpression.traverse(InfixExpression.java:149)
	at org.eclipse.php.internal.core.compiler.ast.nodes.IfStatement.traverse(IfStatement.java:54)
	at org.eclipse.dltk.ast.statements.Block.traverse(Block.java:43)
	at org.eclipse.dltk.ast.declarations.MethodDeclaration.traverseChildNodes(MethodDeclaration.java:97)
	at org.eclipse.dltk.ast.declarations.MethodDeclaration.traverse(MethodDeclaration.java:71)
	at org.eclipse.dltk.ast.statements.Block.traverse(Block.java:43)
	at org.eclipse.dltk.ast.declarations.TypeDeclaration.traverse(TypeDeclaration.java:158)
	at org.eclipse.dltk.ast.statements.Block.traverse(Block.java:43)
	at org.eclipse.dltk.ast.declarations.ModuleDeclaration.traverse(ModuleDeclaration.java:71)
	at com.zend.php.semanticanalysis.internal.core.checks.UndeclaredVariableCheck.a(UndeclaredVariableCheck.java)
	at com.zend.php.semanticanalysis.internal.core.SemanticAnalysisBuilder.a(SemanticAnalysisBuilder.java)
	at com.zend.php.semanticanalysis.internal.core.SemanticAnalysisBuilder.build(SemanticAnalysisBuilder.java)
	at org.eclipse.dltk.internal.core.builder.ScriptBuilder.fullBuild(ScriptBuilder.java:433)
	at org.eclipse.dltk.internal.core.builder.ScriptBuilder.build(ScriptBuilder.java:153)
	at org.eclipse.core.internal.events.BuildManager$2.run(BuildManager.java:728)
	at org.eclipse.core.runtime.SafeRunner.run(SafeRunner.java:42)
	at org.eclipse.core.internal.events.BuildManager.basicBuild(BuildManager.java:199)
	at org.eclipse.core.internal.events.BuildManager.basicBuild(BuildManager.java:239)
	at org.eclipse.core.internal.events.BuildManager$1.run(BuildManager.java:292)
	at org.eclipse.core.runtime.SafeRunner.run(SafeRunner.java:42)
	at org.eclipse.core.internal.events.BuildManager.basicBuild(BuildManager.java:295)
	at org.eclipse.core.internal.events.BuildManager.basicBuildLoop(BuildManager.java:351)
	at org.eclipse.core.internal.events.BuildManager.build(BuildManager.java:374)
	at org.eclipse.core.internal.events.AutoBuildJob.doBuild(AutoBuildJob.java:143)
	at org.eclipse.core.internal.events.AutoBuildJob.run(AutoBuildJob.java:241)
	at org.eclipse.core.internal.jobs.Worker.run(Worker.java:54)

!ENTRY com.zend.php.semanticanalysis.core 4 10001 2014-01-02 21:55:20.742
!MESSAGE Plugin internal error
!STACK 0
java.lang.NullPointerException
	at com.zend.php.semanticanalysis.internal.core.checks.EVariableDeclarationSearcher.postProcess(EVariableDeclarationSearcher.java)
	at com.zend.php.semanticanalysis.internal.core.checks.UndeclaredVariableCheck$UndeclaredVarsSearcher.postProcess(UndeclaredVariableCheck.java)
	at org.eclipse.php.internal.core.typeinference.VariableDeclarationSearcher.visit(VariableDeclarationSearcher.java:161)
	at org.eclipse.php.internal.core.compiler.ast.nodes.PHPCallExpression.traverse(PHPCallExpression.java:37)
	at org.eclipse.php.internal.core.compiler.ast.nodes.InfixExpression.traverse(InfixExpression.java:148)
	at org.eclipse.php.internal.core.compiler.ast.nodes.ArrayElement.traverse(ArrayElement.java:53)
	at org.eclipse.php.internal.core.compiler.ast.nodes.ArrayCreation.traverse(ArrayCreation.java:43)
	at org.eclipse.php.internal.core.compiler.ast.nodes.ArrayElement.traverse(ArrayElement.java:53)
	at org.eclipse.php.internal.core.compiler.ast.nodes.ArrayCreation.traverse(ArrayCreation.java:43)
	at org.eclipse.php.internal.core.compiler.ast.nodes.ReturnStatement.traverse(ReturnStatement.java:42)
	at org.eclipse.dltk.ast.statements.Block.traverse(Block.java:43)
	at org.eclipse.dltk.ast.declarations.ModuleDeclaration.traverse(ModuleDeclaration.java:71)
	at com.zend.php.semanticanalysis.internal.core.checks.UndeclaredVariableCheck.a(UndeclaredVariableCheck.java)
	at com.zend.php.semanticanalysis.internal.core.SemanticAnalysisBuilder.a(SemanticAnalysisBuilder.java)
	at com.zend.php.semanticanalysis.internal.core.SemanticAnalysisBuilder.build(SemanticAnalysisBuilder.java)
	at org.eclipse.dltk.internal.core.builder.ScriptBuilder.fullBuild(ScriptBuilder.java:433)
	at org.eclipse.dltk.internal.core.builder.ScriptBuilder.build(ScriptBuilder.java:153)
	at org.eclipse.core.internal.events.BuildManager$2.run(BuildManager.java:728)
	at org.eclipse.core.runtime.SafeRunner.run(SafeRunner.java:42)
	at org.eclipse.core.internal.events.BuildManager.basicBuild(BuildManager.java:199)
	at org.eclipse.core.internal.events.BuildManager.basicBuild(BuildManager.java:239)
	at org.eclipse.core.internal.events.BuildManager$1.run(BuildManager.java:292)
	at org.eclipse.core.runtime.SafeRunner.run(SafeRunner.java:42)
	at org.eclipse.core.internal.events.BuildManager.basicBuild(BuildManager.java:295)
	at org.eclipse.core.internal.events.BuildManager.basicBuildLoop(BuildManager.java:351)
	at org.eclipse.core.internal.events.BuildManager.build(BuildManager.java:374)
	at org.eclipse.core.internal.events.AutoBuildJob.doBuild(AutoBuildJob.java:143)
	at org.eclipse.core.internal.events.AutoBuildJob.run(AutoBuildJob.java:241)
	at org.eclipse.core.internal.jobs.Worker.run(Worker.java:54)

!ENTRY com.zend.php.semanticanalysis.core 4 10001 2014-01-02 21:55:20.743
!MESSAGE Plugin internal error
!STACK 0
java.lang.NullPointerException
	at com.zend.php.semanticanalysis.internal.core.checks.EVariableDeclarationSearcher.postProcess(EVariableDeclarationSearcher.java)
	at com.zend.php.semanticanalysis.internal.core.checks.UndeclaredVariableCheck$UndeclaredVarsSearcher.postProcess(UndeclaredVariableCheck.java)
	at org.eclipse.php.internal.core.typeinference.VariableDeclarationSearcher.visit(VariableDeclarationSearcher.java:161)
	at org.eclipse.php.internal.core.compiler.ast.nodes.PHPCallExpression.traverse(PHPCallExpression.java:37)
	at org.eclipse.php.internal.core.compiler.ast.nodes.InfixExpression.traverse(InfixExpression.java:148)
	at org.eclipse.php.internal.core.compiler.ast.nodes.ArrayElement.traverse(ArrayElement.java:53)
	at org.eclipse.php.internal.core.compiler.ast.nodes.ArrayCreation.traverse(ArrayCreation.java:43)
	at org.eclipse.php.internal.core.compiler.ast.nodes.ArrayElement.traverse(ArrayElement.java:53)
	at org.eclipse.php.internal.core.compiler.ast.nodes.ArrayCreation.traverse(ArrayCreation.java:43)
	at org.eclipse.php.internal.core.compiler.ast.nodes.ReturnStatement.traverse(ReturnStatement.java:42)
	at org.eclipse.dltk.ast.statements.Block.traverse(Block.java:43)
	at org.eclipse.dltk.ast.declarations.ModuleDeclaration.traverse(ModuleDeclaration.java:71)
	at com.zend.php.semanticanalysis.internal.core.checks.UndeclaredVariableCheck.a(UndeclaredVariableCheck.java)
	at com.zend.php.semanticanalysis.internal.core.SemanticAnalysisBuilder.a(SemanticAnalysisBuilder.java)
	at com.zend.php.semanticanalysis.internal.core.SemanticAnalysisBuilder.build(SemanticAnalysisBuilder.java)
	at org.eclipse.dltk.internal.core.builder.ScriptBuilder.fullBuild(ScriptBuilder.java:433)
	at org.eclipse.dltk.internal.core.builder.ScriptBuilder.build(ScriptBuilder.java:153)
	at org.eclipse.core.internal.events.BuildManager$2.run(BuildManager.java:728)
	at org.eclipse.core.runtime.SafeRunner.run(SafeRunner.java:42)
	at org.eclipse.core.internal.events.BuildManager.basicBuild(BuildManager.java:199)
	at org.eclipse.core.internal.events.BuildManager.basicBuild(BuildManager.java:239)
	at org.eclipse.core.internal.events.BuildManager$1.run(BuildManager.java:292)
	at org.eclipse.core.runtime.SafeRunner.run(SafeRunner.java:42)
	at org.eclipse.core.internal.events.BuildManager.basicBuild(BuildManager.java:295)
	at org.eclipse.core.internal.events.BuildManager.basicBuildLoop(BuildManager.java:351)
	at org.eclipse.core.internal.events.BuildManager.build(BuildManager.java:374)
	at org.eclipse.core.internal.events.AutoBuildJob.doBuild(AutoBuildJob.java:143)
	at org.eclipse.core.internal.events.AutoBuildJob.run(AutoBuildJob.java:241)
	at org.eclipse.core.internal.jobs.Worker.run(Worker.java:54)

!ENTRY org.eclipse.ui 4 0 2014-01-02 21:55:29.208
!MESSAGE Unable to create editor ID org.eclipse.php.editor: The file does not exist.
!STACK 1
org.eclipse.core.runtime.CoreException: The file does not exist.
	at org.eclipse.core.internal.filebuffers.ResourceFileBuffer.create(ResourceFileBuffer.java:237)
	at org.eclipse.core.internal.filebuffers.TextFileBufferManager.connect(TextFileBufferManager.java:112)
	at org.eclipse.ui.editors.text.TextFileDocumentProvider.createFileInfo(TextFileDocumentProvider.java:559)
	at org.eclipse.dltk.internal.ui.editor.SourceModuleDocumentProvider.createFileInfo(SourceModuleDocumentProvider.java:1246)
	at org.eclipse.ui.editors.text.TextFileDocumentProvider.connect(TextFileDocumentProvider.java:478)
	at org.eclipse.dltk.internal.ui.editor.SourceModuleDocumentProvider.connect(SourceModuleDocumentProvider.java:1521)
	at org.eclipse.ui.texteditor.AbstractTextEditor.doSetInput(AbstractTextEditor.java:4213)
	at org.eclipse.ui.texteditor.StatusTextEditor.doSetInput(StatusTextEditor.java:237)
	at org.eclipse.ui.texteditor.AbstractDecoratedTextEditor.doSetInput(AbstractDecoratedTextEditor.java:1451)
	at org.eclipse.ui.editors.text.TextEditor.doSetInput(TextEditor.java:169)
	at org.eclipse.wst.sse.ui.StructuredTextEditor.doSetInput(StructuredTextEditor.java:1918)
	at org.eclipse.php.internal.ui.editor.PHPStructuredEditor.doSetInput(PHPStructuredEditor.java:2333)
	at org.eclipse.ui.texteditor.AbstractTextEditor$19.run(AbstractTextEditor.java:3200)
	at org.eclipse.jface.operation.ModalContext.runInCurrentThread(ModalContext.java:464)
	at org.eclipse.jface.operation.ModalContext.run(ModalContext.java:372)
	at org.eclipse.jface.window.ApplicationWindow$1.run(ApplicationWindow.java:759)
	at org.eclipse.swt.custom.BusyIndicator.showWhile(BusyIndicator.java:70)
	at org.eclipse.jface.window.ApplicationWindow.run(ApplicationWindow.java:756)
	at org.eclipse.ui.internal.WorkbenchWindow.run(WorkbenchWindow.java:2642)
	at org.eclipse.ui.texteditor.AbstractTextEditor.internalInit(AbstractTextEditor.java:3218)
	at org.eclipse.ui.texteditor.AbstractTextEditor.init(AbstractTextEditor.java:3245)
	at org.eclipse.wst.sse.ui.StructuredTextEditor.init(StructuredTextEditor.java:2595)
	at org.eclipse.php.internal.ui.editor.PHPStructuredEditor.init(PHPStructuredEditor.java:1200)
	at org.eclipse.ui.internal.EditorManager.createSite(EditorManager.java:828)
	at org.eclipse.ui.internal.EditorReference.createPartHelper(EditorReference.java:647)
	at org.eclipse.ui.internal.EditorReference.createPart(EditorReference.java:465)
	at org.eclipse.ui.internal.WorkbenchPartReference.getPart(WorkbenchPartReference.java:595)
	at org.eclipse.ui.internal.PartPane.setVisible(PartPane.java:313)
	at org.eclipse.ui.internal.presentations.PresentablePart.setVisible(PresentablePart.java:180)
	at org.eclipse.ui.internal.presentations.util.PresentablePartFolder.select(PresentablePartFolder.java:270)
	at org.eclipse.ui.internal.presentations.util.LeftToRightTabOrder.select(LeftToRightTabOrder.java:65)
	at org.eclipse.ui.internal.presentations.util.TabbedStackPresentation.selectPart(TabbedStackPresentation.java:473)
	at org.eclipse.ui.internal.PartStack.refreshPresentationSelection(PartStack.java:1245)
	at org.eclipse.ui.internal.PartStack.setSelection(PartStack.java:1198)
	at org.eclipse.ui.internal.PartStack.presentationSelectionChanged(PartStack.java:834)
	at org.eclipse.ui.internal.PartStack.access$1(PartStack.java:823)
	at org.eclipse.ui.internal.PartStack$1.selectPart(PartStack.java:137)
	at org.eclipse.ui.internal.presentations.util.TabbedStackPresentation$1.handleEvent(TabbedStackPresentation.java:133)
	at org.eclipse.ui.internal.presentations.util.AbstractTabFolder.fireEvent(AbstractTabFolder.java:269)
	at org.eclipse.ui.internal.presentations.util.AbstractTabFolder.fireEvent(AbstractTabFolder.java:278)
	at org.eclipse.ui.internal.presentations.defaultpresentation.DefaultTabFolder.access$1(DefaultTabFolder.java:1)
	at org.eclipse.ui.internal.presentations.defaultpresentation.DefaultTabFolder$2.handleEvent(DefaultTabFolder.java:88)
	at org.eclipse.swt.widgets.EventTable.sendEvent(EventTable.java:84)
	at org.eclipse.swt.widgets.Widget.sendEvent(Widget.java:1053)
	at org.eclipse.swt.widgets.Widget.sendEvent(Widget.java:1077)
	at org.eclipse.swt.widgets.Widget.sendEvent(Widget.java:1062)
	at org.eclipse.swt.widgets.Widget.notifyListeners(Widget.java:774)
	at org.eclipse.swt.custom.CTabFolder.setSelection(CTabFolder.java:2745)
	at org.eclipse.swt.custom.CTabFolder.onMouse(CTabFolder.java:1432)
	at org.eclipse.swt.custom.CTabFolder$1.handleEvent(CTabFolder.java:257)
	at org.eclipse.swt.widgets.EventTable.sendEvent(EventTable.java:84)
	at org.eclipse.swt.widgets.Widget.sendEvent(Widget.java:1053)
	at org.eclipse.swt.widgets.Display.runDeferredEvents(Display.java:4165)
	at org.eclipse.swt.widgets.Display.readAndDispatch(Display.java:3754)
	at org.eclipse.ui.internal.Workbench.runEventLoop(Workbench.java:2696)
	at org.eclipse.ui.internal.Workbench.runUI(Workbench.java:2660)
	at org.eclipse.ui.internal.Workbench.access$4(Workbench.java:2494)
	at org.eclipse.ui.internal.Workbench$7.run(Workbench.java:674)
	at org.eclipse.core.databinding.observable.Realm.runWithDefault(Realm.java:332)
	at org.eclipse.ui.internal.Workbench.createAndRunWorkbench(Workbench.java:667)
	at org.eclipse.ui.PlatformUI.createAndRunWorkbench(PlatformUI.java:149)
	at org.eclipse.ui.internal.ide.application.IDEApplication.start(IDEApplication.java:123)
	at org.eclipse.equinox.internal.app.EclipseAppHandle.run(EclipseAppHandle.java:196)
	at org.eclipse.core.runtime.internal.adaptor.EclipseAppLauncher.runApplication(EclipseAppLauncher.java:110)
	at org.eclipse.core.runtime.internal.adaptor.EclipseAppLauncher.start(EclipseAppLauncher.java:79)
	at org.eclipse.core.runtime.adaptor.EclipseStarter.run(EclipseStarter.java:344)
	at org.eclipse.core.runtime.adaptor.EclipseStarter.run(EclipseStarter.java:179)
	at sun.reflect.NativeMethodAccessorImpl.invoke0(Native Method)
	at sun.reflect.NativeMethodAccessorImpl.invoke(Unknown Source)
	at sun.reflect.DelegatingMethodAccessorImpl.invoke(Unknown Source)
	at java.lang.reflect.Method.invoke(Unknown Source)
	at org.eclipse.equinox.launcher.Main.invokeFramework(Main.java:622)
	at org.eclipse.equinox.launcher.Main.basicRun(Main.java:577)
	at org.eclipse.equinox.launcher.Main.run(Main.java:1410)
!SUBENTRY 1 org.eclipse.core.filebuffers 4 0 2014-01-02 21:55:29.209
!MESSAGE The file does not exist.

!ENTRY org.eclipse.ui 2 2 2014-01-02 21:55:29.220
!MESSAGE Ignored attempt to add saveable that was already registered
!STACK 0
org.eclipse.core.runtime.AssertionFailedException: unknown saveable: org.eclipse.ui.internal.DefaultSaveable@1a2fa45 from part: org.eclipse.ui.internal.ErrorEditorPart@1a2fa45
	at org.eclipse.ui.internal.SaveablesList.logWarning(SaveablesList.java:187)
	at org.eclipse.ui.internal.SaveablesList.addModel(SaveablesList.java:117)
	at org.eclipse.ui.internal.SaveablesList.addModels(SaveablesList.java:289)
	at org.eclipse.ui.internal.SaveablesList.postOpen(SaveablesList.java:695)
	at org.eclipse.ui.internal.PartList.partOpened(PartList.java:234)
	at org.eclipse.ui.internal.PartList.access$0(PartList.java:210)
	at org.eclipse.ui.internal.PartList$1.propertyChanged(PartList.java:40)
	at org.eclipse.ui.internal.WorkbenchPartReference.fireInternalPropertyChange(WorkbenchPartReference.java:375)
	at org.eclipse.ui.internal.WorkbenchPartReference.getPart(WorkbenchPartReference.java:610)
	at org.eclipse.ui.internal.PartPane.setVisible(PartPane.java:313)
	at org.eclipse.ui.internal.presentations.PresentablePart.setVisible(PresentablePart.java:180)
	at org.eclipse.ui.internal.presentations.util.PresentablePartFolder.select(PresentablePartFolder.java:270)
	at org.eclipse.ui.internal.presentations.util.LeftToRightTabOrder.select(LeftToRightTabOrder.java:65)
	at org.eclipse.ui.internal.presentations.util.TabbedStackPresentation.selectPart(TabbedStackPresentation.java:473)
	at org.eclipse.ui.internal.PartStack.refreshPresentationSelection(PartStack.java:1245)
	at org.eclipse.ui.internal.PartStack.setSelection(PartStack.java:1198)
	at org.eclipse.ui.internal.PartStack.presentationSelectionChanged(PartStack.java:834)
	at org.eclipse.ui.internal.PartStack.access$1(PartStack.java:823)
	at org.eclipse.ui.internal.PartStack$1.selectPart(PartStack.java:137)
	at org.eclipse.ui.internal.presentations.util.TabbedStackPresentation$1.handleEvent(TabbedStackPresentation.java:133)
	at org.eclipse.ui.internal.presentations.util.AbstractTabFolder.fireEvent(AbstractTabFolder.java:269)
	at org.eclipse.ui.internal.presentations.util.AbstractTabFolder.fireEvent(AbstractTabFolder.java:278)
	at org.eclipse.ui.internal.presentations.defaultpresentation.DefaultTabFolder.access$1(DefaultTabFolder.java:1)
	at org.eclipse.ui.internal.presentations.defaultpresentation.DefaultTabFolder$2.handleEvent(DefaultTabFolder.java:88)
	at org.eclipse.swt.widgets.EventTable.sendEvent(EventTable.java:84)
	at org.eclipse.swt.widgets.Widget.sendEvent(Widget.java:1053)
	at org.eclipse.swt.widgets.Widget.sendEvent(Widget.java:1077)
	at org.eclipse.swt.widgets.Widget.sendEvent(Widget.java:1062)
	at org.eclipse.swt.widgets.Widget.notifyListeners(Widget.java:774)
	at org.eclipse.swt.custom.CTabFolder.setSelection(CTabFolder.java:2745)
	at org.eclipse.swt.custom.CTabFolder.onMouse(CTabFolder.java:1432)
	at org.eclipse.swt.custom.CTabFolder$1.handleEvent(CTabFolder.java:257)
	at org.eclipse.swt.widgets.EventTable.sendEvent(EventTable.java:84)
	at org.eclipse.swt.widgets.Widget.sendEvent(Widget.java:1053)
	at org.eclipse.swt.widgets.Display.runDeferredEvents(Display.java:4165)
	at org.eclipse.swt.widgets.Display.readAndDispatch(Display.java:3754)
	at org.eclipse.ui.internal.Workbench.runEventLoop(Workbench.java:2696)
	at org.eclipse.ui.internal.Workbench.runUI(Workbench.java:2660)
	at org.eclipse.ui.internal.Workbench.access$4(Workbench.java:2494)
	at org.eclipse.ui.internal.Workbench$7.run(Workbench.java:674)
	at org.eclipse.core.databinding.observable.Realm.runWithDefault(Realm.java:332)
	at org.eclipse.ui.internal.Workbench.createAndRunWorkbench(Workbench.java:667)
	at org.eclipse.ui.PlatformUI.createAndRunWorkbench(PlatformUI.java:149)
	at org.eclipse.ui.internal.ide.application.IDEApplication.start(IDEApplication.java:123)
	at org.eclipse.equinox.internal.app.EclipseAppHandle.run(EclipseAppHandle.java:196)
	at org.eclipse.core.runtime.internal.adaptor.EclipseAppLauncher.runApplication(EclipseAppLauncher.java:110)
	at org.eclipse.core.runtime.internal.adaptor.EclipseAppLauncher.start(EclipseAppLauncher.java:79)
	at org.eclipse.core.runtime.adaptor.EclipseStarter.run(EclipseStarter.java:344)
	at org.eclipse.core.runtime.adaptor.EclipseStarter.run(EclipseStarter.java:179)
	at sun.reflect.NativeMethodAccessorImpl.invoke0(Native Method)
	at sun.reflect.NativeMethodAccessorImpl.invoke(Unknown Source)
	at sun.reflect.DelegatingMethodAccessorImpl.invoke(Unknown Source)
	at java.lang.reflect.Method.invoke(Unknown Source)
	at org.eclipse.equinox.launcher.Main.invokeFramework(Main.java:622)
	at org.eclipse.equinox.launcher.Main.basicRun(Main.java:577)
	at org.eclipse.equinox.launcher.Main.run(Main.java:1410)

!ENTRY com.zend.php.customization 4 2 2014-01-02 21:55:36.807
!MESSAGE Problems occurred when invoking code from plug-in: "com.zend.php.customization".
!STACK 0
org.eclipse.swt.SWTException: Widget is disposed
	at org.eclipse.swt.SWT.error(SWT.java:4282)
	at org.eclipse.swt.SWT.error(SWT.java:4197)
	at org.eclipse.swt.SWT.error(SWT.java:4168)
	at org.eclipse.swt.widgets.Widget.error(Widget.java:468)
	at org.eclipse.swt.widgets.Widget.checkWidget(Widget.java:340)
	at org.eclipse.swt.widgets.Control.setLayoutData(Control.java:3377)
	at com.zend.php.customization.ZendCatalogViewer$6$1.run(ZendCatalogViewer.java)
	at org.eclipse.swt.widgets.Synchronizer.syncExec(Synchronizer.java:180)
	at org.eclipse.swt.widgets.Display.syncExec(Display.java:4683)
	at com.zend.php.customization.ZendCatalogViewer$6.done(ZendCatalogViewer.java)
	at org.eclipse.core.internal.jobs.JobListeners$3.notify(JobListeners.java:39)
	at org.eclipse.core.internal.jobs.JobListeners.doNotify(JobListeners.java:112)
	at org.eclipse.core.internal.jobs.JobListeners.done(JobListeners.java:152)
	at org.eclipse.core.internal.jobs.JobManager.endJob(JobManager.java:647)
	at org.eclipse.core.internal.jobs.WorkerPool.endJob(WorkerPool.java:105)
	at org.eclipse.core.internal.jobs.Worker.run(Worker.java:71)
